Using pre-set license
Built from '2020.3/staging' branch; Version is '2020.3.19f1 (68f137dc9bbe) revision 6877495'; Using compiler version '192528614'; Build Type 'Release'
OS: 'Windows 10 Pro; OS build 19044.1645; Version 2009; 64bit' Language: 'en' Physical Memory: 32716 MB
BatchMode: 1, IsHumanControllingUs: 0, StartBugReporterOnCrash: 0, Is64bit: 1, IsPro: 0

COMMAND LINE ARGUMENTS:
C:\Program Files\Unity\Hub\Editor\2020.3.19f1\Editor\Unity.exe
-adb2
-batchMode
-noUpm
-name
AssetImportWorker0
-projectPath
C:/Users/Admin/Documents/GitHub/ICA2_With_HDRP_SimmoneC/SimmoneC_HDRP
-logFile
Logs/AssetImportWorker0.log
-srvPort
63110
Successfully changed project path to: C:/Users/Admin/Documents/GitHub/ICA2_With_HDRP_SimmoneC/SimmoneC_HDRP
C:/Users/Admin/Documents/GitHub/ICA2_With_HDRP_SimmoneC/SimmoneC_HDRP
Using Asset Import Pipeline V2.
Refreshing native plugins compatible for Editor in 106.22 ms, found 2 plugins.
Preloading 0 native plugins for Editor in 0.00 ms.
Initialize engine version: 2020.3.19f1 (68f137dc9bbe)
[Subsystems] Discovering subsystems at path C:/Program Files/Unity/Hub/Editor/2020.3.19f1/Editor/Data/Resources/UnitySubsystems
[Subsystems] Discovering subsystems at path C:/Users/Admin/Documents/GitHub/ICA2_With_HDRP_SimmoneC/SimmoneC_HDRP/Assets
GfxDevice: creating device client; threaded=0
Direct3D:
    Version:  Direct3D 11.0 [level 11.1]
    Renderer: NVIDIA GeForce GTX 1050 Ti (ID=0x1c82)
    Vendor:   
    VRAM:     4018 MB
    Driver:   27.21.14.5671
Initialize mono
Mono path[0] = 'C:/Program Files/Unity/Hub/Editor/2020.3.19f1/Editor/Data/Managed'
Mono path[1] = 'C:/Program Files/Unity/Hub/Editor/2020.3.19f1/Editor/Data/MonoBleedingEdge/lib/mono/unityjit'
Mono config path = 'C:/Program Files/Unity/Hub/Editor/2020.3.19f1/Editor/Data/MonoBleedingEdge/etc'
Using monoOptions --debugger-agent=transport=dt_socket,embedding=1,server=y,suspend=n,address=127.0.0.1:56832
Begin MonoManager ReloadAssembly
Registering precompiled unity dll's ...
Register platform support module: C:/Program Files/Unity/Hub/Editor/2020.3.19f1/Editor/Data/PlaybackEngines/WindowsStandaloneSupport/UnityEditor.WindowsStandalone.Extensions.dll
Registered in 0.002106 seconds.
Native extension for WindowsStandalone target not found
Refreshing native plugins compatible for Editor in 104.25 ms, found 2 plugins.
Preloading 0 native plugins for Editor in 0.00 ms.
Mono: successfully reloaded assembly
- Completed reload, in  1.136 seconds
Domain Reload Profiling:
	ReloadAssembly (1136ms)
		BeginReloadAssembly (56ms)
			ExecutionOrderSort (0ms)
			DisableScriptedObjects (0ms)
			BackupInstance (0ms)
			ReleaseScriptingObjects (0ms)
			CreateAndSetChildDomain (1ms)
		EndReloadAssembly (514ms)
			LoadAssemblies (54ms)
			RebuildTransferFunctionScriptingTraits (0ms)
			SetupTypeCache (171ms)
			ReleaseScriptCaches (0ms)
			RebuildScriptCaches (31ms)
			SetupLoadedEditorAssemblies (232ms)
				LogAssemblyErrors (0ms)
				InitializePlatformSupportModulesInManaged (4ms)
				SetLoadedEditorAssemblies (0ms)
				RefreshPlugins (104ms)
				BeforeProcessingInitializeOnLoad (7ms)
				ProcessInitializeOnLoadAttributes (84ms)
				ProcessInitializeOnLoadMethodAttributes (31ms)
				AfterProcessingInitializeOnLoad (0ms)
				EditorAssembliesLoaded (0ms)
			ExecutionOrderSort2 (0ms)
			AwakeInstancesAfterBackupRestoration (0ms)
Platform modules already initialized, skipping
Registering precompiled user dll's ...
Registered in 0.005011 seconds.
Begin MonoManager ReloadAssembly
Native extension for WindowsStandalone target not found
Refreshing native plugins compatible for Editor in 113.33 ms, found 2 plugins.
Preloading 0 native plugins for Editor in 0.00 ms.
Mono: successfully reloaded assembly
- Completed reload, in  1.705 seconds
Domain Reload Profiling:
	ReloadAssembly (1706ms)
		BeginReloadAssembly (155ms)
			ExecutionOrderSort (0ms)
			DisableScriptedObjects (6ms)
			BackupInstance (0ms)
			ReleaseScriptingObjects (0ms)
			CreateAndSetChildDomain (22ms)
		EndReloadAssembly (1480ms)
			LoadAssemblies (103ms)
			RebuildTransferFunctionScriptingTraits (0ms)
			SetupTypeCache (429ms)
			ReleaseScriptCaches (1ms)
			RebuildScriptCaches (91ms)
			SetupLoadedEditorAssemblies (716ms)
				LogAssemblyErrors (0ms)
				InitializePlatformSupportModulesInManaged (4ms)
				SetLoadedEditorAssemblies (0ms)
				RefreshPlugins (113ms)
				BeforeProcessingInitializeOnLoad (101ms)
				ProcessInitializeOnLoadAttributes (337ms)
				ProcessInitializeOnLoadMethodAttributes (153ms)
				AfterProcessingInitializeOnLoad (6ms)
				EditorAssembliesLoaded (1ms)
			ExecutionOrderSort2 (0ms)
			AwakeInstancesAfterBackupRestoration (8ms)
Platform modules already initialized, skipping
========================================================================
Worker process is ready to serve import requests
Launched and connected shader compiler UnityShaderCompiler.exe after 0.08 seconds
Refreshing native plugins compatible for Editor in 1.05 ms, found 2 plugins.
Preloading 0 native plugins for Editor in 0.00 ms.
Unloading 4434 Unused Serialized files (Serialized files now loaded: 0)
System memory in use before: 208.8 MB.
System memory in use after: 209.0 MB.

Unloading 21 unused Assets to reduce memory usage. Loaded Objects now: 4890.
Total: 4.337900 ms (FindLiveObjects: 0.481300 ms CreateObjectMapping: 0.255600 ms MarkObjects: 3.491800 ms  DeleteObjects: 0.108200 ms)

AssetImportParameters requested are different than current active one (requested -> active):
  custom:framework-win-MediaFoundation: 216162199b28c13a410421893ffa2e32 -> 
  custom:video-decoder-ogg-theora: a1e56fd34408186e4bbccfd4996cb3dc -> 
  custom:container-muxer-webm: aa71ff27fc2769a1b78a27578f13a17b -> 
  custom:container-demuxer-webm: 4f35f7cbe854078d1ac9338744f61a02 -> 
  custom:container-demuxer-ogg: 62fdf1f143b41e24485cea50d1cbac27 -> 
  custom:video-encoder-webm-vp8: eb34c28f22e8b96e1ab97ce403110664 -> 
  custom:video-decoder-webm-vp8: 9c59270c3fd7afecdb556c50c9e8de78 -> 
  custom:audio-decoder-ogg-vorbis: bf7c407c2cedff20999df2af8eb42d56 -> 
  custom:audio-encoder-webm-vorbis: bf7c407c2cedff20999df2af8eb42d56 -> 
========================================================================
Received Import Request.
  path: Assets/SimmoneC_HDRP/Third Party Assets/Settings 1/HDRPDefaultResources/DefaultVFXResources.asset
  artifactKey: Guid(b222b89a9d3ce564b824b06044cc1349) Importer(815301076,1909f56bfc062723c751e8b465ee728b)
Start importing Assets/SimmoneC_HDRP/Third Party Assets/Settings 1/HDRPDefaultResources/DefaultVFXResources.asset using Guid(b222b89a9d3ce564b824b06044cc1349) Importer(815301076,1909f56bfc062723c751e8b465ee728b) Having more than one VFXResources in your project is unsupported
UnityEngine.StackTraceUtility:ExtractStackTrace ()
UnityEngine.DebugLogHandler:LogFormat (UnityEngine.LogType,UnityEngine.Object,string,object[])
UnityEngine.Logger:Log (UnityEngine.LogType,object)
UnityEngine.Debug:LogError (object)
UnityEditor.VFX.VFXResources:OnEnable () (at Library/PackageCache/com.unity.visualeffectgraph@10.6.0/Editor/Utils/VFXResources.cs:47)

(Filename: Library/PackageCache/com.unity.visualeffectgraph@10.6.0/Editor/Utils/VFXResources.cs Line: 47)

 -> (artifact id: '55bca09777dd756cd825d58d048d5daf') in 0.082712 seconds 
  Import took 0.089979 seconds .

========================================================================
Received Import Request.
  Time since last request: 0.000249 seconds.
  path: Assets/SimmoneC_HDRP/Third Party Assets/Settings 1/HDRPDefaultResources/DefaultHDRPAsset.asset
  artifactKey: Guid(6379c73ece5dd814f9abdcd04c6ae99f) Importer(815301076,1909f56bfc062723c751e8b465ee728b)
Start importing Assets/SimmoneC_HDRP/Third Party Assets/Settings 1/HDRPDefaultResources/DefaultHDRPAsset.asset using Guid(6379c73ece5dd814f9abdcd04c6ae99f) Importer(815301076,1909f56bfc062723c751e8b465ee728b)  -> (artifact id: '36e59753fff3a17c7c55bb0dfb80e0c2') in 0.010518 seconds 
  Import took 0.018207 seconds .

========================================================================
Received Import Request.
  Time since last request: 0.000669 seconds.
  path: Assets/SimmoneC_HDRP/Third Party Assets/Settings 1/HDRPDefaultResources/DefaultSceneRoot.prefab
  artifactKey: Guid(4cfdff42713c7404287a44a59ba6f78c) Importer(815301076,1909f56bfc062723c751e8b465ee728b)
Start importing Assets/SimmoneC_HDRP/Third Party Assets/Settings 1/HDRPDefaultResources/DefaultSceneRoot.prefab using Guid(4cfdff42713c7404287a44a59ba6f78c) Importer(815301076,1909f56bfc062723c751e8b465ee728b)  -> (artifact id: '318f2909ac4e62b991d24ab834f55d2f') in 0.039135 seconds 
  Import took 0.048807 seconds .

========================================================================
Received Import Request.
  Time since last request: 0.000256 seconds.
  path: Assets/SimmoneC_HDRP/Third Party Assets/ModularCityAlleyPack/Sounds/Ambient_Alley_Loop2.ogg
  artifactKey: Guid(7ddb05eea96b5a14496f3ac33d93f08a) Importer(815301076,1909f56bfc062723c751e8b465ee728b)
Start importing Assets/SimmoneC_HDRP/Third Party Assets/ModularCityAlleyPack/Sounds/Ambient_Alley_Loop2.ogg using Guid(7ddb05eea96b5a14496f3ac33d93f08a) Importer(815301076,1909f56bfc062723c751e8b465ee728b)  -> (artifact id: '6e94434ed89625850cf913831a7d7057') in 0.102571 seconds 
  Import took 0.110238 seconds .

========================================================================
Received Import Request.
  Time since last request: 0.000206 seconds.
  path: Assets/SimmoneC_HDRP/Third Party Assets/ModularCityAlleyPack/Sounds/Footstep_concrete01.ogg
  artifactKey: Guid(898de3fd924842444aecab24c9ed9c3b) Importer(815301076,1909f56bfc062723c751e8b465ee728b)
Start importing Assets/SimmoneC_HDRP/Third Party Assets/ModularCityAlleyPack/Sounds/Footstep_concrete01.ogg using Guid(898de3fd924842444aecab24c9ed9c3b) Importer(815301076,1909f56bfc062723c751e8b465ee728b)  -> (artifact id: '93c1783506cf5331bb78bdf5d501e099') in 0.022693 seconds 
  Import took 0.030699 seconds .

========================================================================
Received Import Request.
  Time since last request: 0.000231 seconds.
  path: Assets/SimmoneC_HDRP/Third Party Assets/Settings 1/HDRPLowQuality.asset
  artifactKey: Guid(42da4bd0289e0614baaeaf59238d8efc) Importer(815301076,1909f56bfc062723c751e8b465ee728b)
Start importing Assets/SimmoneC_HDRP/Third Party Assets/Settings 1/HDRPLowQuality.asset using Guid(42da4bd0289e0614baaeaf59238d8efc) Importer(815301076,1909f56bfc062723c751e8b465ee728b)  -> (artifact id: '84deb8dec855d61a16405f406c900b65') in 0.008575 seconds 
  Import took 0.018214 seconds .

========================================================================
Received Import Request.
  Time since last request: 0.000184 seconds.
  path: Assets/SimmoneC_HDRP/Third Party Assets/Settings 1/HDRPHighQuality.asset
  artifactKey: Guid(311ad5082d6237249931ff3fb8258ba1) Importer(815301076,1909f56bfc062723c751e8b465ee728b)
Start importing Assets/SimmoneC_HDRP/Third Party Assets/Settings 1/HDRPHighQuality.asset using Guid(311ad5082d6237249931ff3fb8258ba1) Importer(815301076,1909f56bfc062723c751e8b465ee728b)  -> (artifact id: '41f7bed4fe03126e46f1f6fc40369492') in 0.008153 seconds 
  Import took 0.016617 seconds .

========================================================================
Received Import Request.
  Time since last request: 0.000221 seconds.
  path: Assets/SimmoneC_HDRP/Third Party Assets/Settings 1/DiffusionProfiles/Foliage.asset
  artifactKey: Guid(97f7662e21db8fa49a7617aafa798cb3) Importer(815301076,1909f56bfc062723c751e8b465ee728b)
Start importing Assets/SimmoneC_HDRP/Third Party Assets/Settings 1/DiffusionProfiles/Foliage.asset using Guid(97f7662e21db8fa49a7617aafa798cb3) Importer(815301076,1909f56bfc062723c751e8b465ee728b)  -> (artifact id: 'ffc6bd15e0a994ab540a64bce2338db6') in 0.007603 seconds 
  Import took 0.015558 seconds .

========================================================================
Received Import Request.
  Time since last request: 0.000221 seconds.
  path: Assets/SimmoneC_HDRP/Third Party Assets/Settings 1/DiffusionProfiles/BambooLeaves.asset
  artifactKey: Guid(c235d6be701b58546b52045c46be78d6) Importer(815301076,1909f56bfc062723c751e8b465ee728b)
Start importing Assets/SimmoneC_HDRP/Third Party Assets/Settings 1/DiffusionProfiles/BambooLeaves.asset using Guid(c235d6be701b58546b52045c46be78d6) Importer(815301076,1909f56bfc062723c751e8b465ee728b)  -> (artifact id: '1a935fe93a185b17b200ea3757c5decd') in 0.007183 seconds 
  Import took 0.014958 seconds .

========================================================================
Received Import Request.
  Time since last request: 0.000194 seconds.
  path: Assets/SimmoneC_HDRP/Third Party Assets/Settings 1/DiffusionProfiles/Skin.asset
  artifactKey: Guid(b92392f71e4a3bb4795b22cf43b0de91) Importer(815301076,1909f56bfc062723c751e8b465ee728b)
Start importing Assets/SimmoneC_HDRP/Third Party Assets/Settings 1/DiffusionProfiles/Skin.asset using Guid(b92392f71e4a3bb4795b22cf43b0de91) Importer(815301076,1909f56bfc062723c751e8b465ee728b)  -> (artifact id: 'f144f4094f915b629404b6987b7c43e3') in 0.007745 seconds 
  Import took 0.015628 seconds .

========================================================================
Received Import Request.
  Time since last request: 0.000182 seconds.
  path: Assets/SimmoneC_HDRP/Third Party Assets/ModularCityAlleyPack/Sounds/Footstep_concrete02.ogg
  artifactKey: Guid(4668524a5ab640d40a5a71b495a77c87) Importer(815301076,1909f56bfc062723c751e8b465ee728b)
Start importing Assets/SimmoneC_HDRP/Third Party Assets/ModularCityAlleyPack/Sounds/Footstep_concrete02.ogg using Guid(4668524a5ab640d40a5a71b495a77c87) Importer(815301076,1909f56bfc062723c751e8b465ee728b)  -> (artifact id: '6db86ae48bdfc50252360c2342925192') in 0.025468 seconds 
  Import took 0.033417 seconds .

========================================================================
Received Import Request.
  Time since last request: 0.000167 seconds.
  path: Assets/SimmoneC_HDRP/Third Party Assets/Settings 1/HDRPMediumQuality.asset
  artifactKey: Guid(149507bd2c0c7a74ca94d14dec68f968) Importer(815301076,1909f56bfc062723c751e8b465ee728b)
Start importing Assets/SimmoneC_HDRP/Third Party Assets/Settings 1/HDRPMediumQuality.asset using Guid(149507bd2c0c7a74ca94d14dec68f968) Importer(815301076,1909f56bfc062723c751e8b465ee728b)  -> (artifact id: 'bf4c0c266ec91afbc375cacd11a4f0fb') in 0.008325 seconds 
  Import took 0.016253 seconds .

========================================================================
Received Prepare
Registering precompiled user dll's ...
Registered in 0.003847 seconds.
Begin MonoManager ReloadAssembly
Native extension for WindowsStandalone target not found
Refreshing native plugins compatible for Editor in 1.04 ms, found 2 plugins.
Preloading 0 native plugins for Editor in 0.00 ms.
Mono: successfully reloaded assembly
- Completed reload, in  1.293 seconds
Domain Reload Profiling:
	ReloadAssembly (1293ms)
		BeginReloadAssembly (144ms)
			ExecutionOrderSort (0ms)
			DisableScriptedObjects (5ms)
			BackupInstance (0ms)
			ReleaseScriptingObjects (0ms)
			CreateAndSetChildDomain (46ms)
		EndReloadAssembly (1086ms)
			LoadAssemblies (93ms)
			RebuildTransferFunctionScriptingTraits (0ms)
			SetupTypeCache (372ms)
			ReleaseScriptCaches (2ms)
			RebuildScriptCaches (66ms)
			SetupLoadedEditorAssemblies (386ms)
				LogAssemblyErrors (0ms)
				InitializePlatformSupportModulesInManaged (4ms)
				SetLoadedEditorAssemblies (0ms)
				RefreshPlugins (1ms)
				BeforeProcessingInitializeOnLoad (74ms)
				ProcessInitializeOnLoadAttributes (294ms)
				ProcessInitializeOnLoadMethodAttributes (6ms)
				AfterProcessingInitializeOnLoad (6ms)
				EditorAssembliesLoaded (0ms)
			ExecutionOrderSort2 (0ms)
			AwakeInstancesAfterBackupRestoration (16ms)
Platform modules already initialized, skipping
Refreshing native plugins compatible for Editor in 1.04 ms, found 2 plugins.
Preloading 0 native plugins for Editor in 0.00 ms.
Unloading 4136 Unused Serialized files (Serialized files now loaded: 0)
System memory in use before: 195.6 MB.
System memory in use after: 195.8 MB.

Unloading 14 unused Assets to reduce memory usage. Loaded Objects now: 4902.
Total: 4.521800 ms (FindLiveObjects: 0.383800 ms CreateObjectMapping: 0.193000 ms MarkObjects: 3.858600 ms  DeleteObjects: 0.085000 ms)

AssetImportParameters requested are different than current active one (requested -> active):
  custom:framework-win-MediaFoundation: 216162199b28c13a410421893ffa2e32 -> 
  custom:video-decoder-ogg-theora: a1e56fd34408186e4bbccfd4996cb3dc -> 
  custom:container-muxer-webm: aa71ff27fc2769a1b78a27578f13a17b -> 
  custom:container-demuxer-webm: 4f35f7cbe854078d1ac9338744f61a02 -> 
  custom:container-demuxer-ogg: 62fdf1f143b41e24485cea50d1cbac27 -> 
  custom:video-encoder-webm-vp8: eb34c28f22e8b96e1ab97ce403110664 -> 
  custom:video-decoder-webm-vp8: 9c59270c3fd7afecdb556c50c9e8de78 -> 
  custom:audio-decoder-ogg-vorbis: bf7c407c2cedff20999df2af8eb42d56 -> 
  custom:audio-encoder-webm-vorbis: bf7c407c2cedff20999df2af8eb42d56 -> 
========================================================================
Received Prepare
Registering precompiled user dll's ...
Registered in 0.004104 seconds.
Begin MonoManager ReloadAssembly
Native extension for WindowsStandalone target not found
Refreshing native plugins compatible for Editor in 1.06 ms, found 2 plugins.
Preloading 0 native plugins for Editor in 0.00 ms.
Mono: successfully reloaded assembly
- Completed reload, in  1.345 seconds
Domain Reload Profiling:
	ReloadAssembly (1345ms)
		BeginReloadAssembly (135ms)
			ExecutionOrderSort (0ms)
			DisableScriptedObjects (6ms)
			BackupInstance (0ms)
			ReleaseScriptingObjects (0ms)
			CreateAndSetChildDomain (46ms)
		EndReloadAssembly (1141ms)
			LoadAssemblies (102ms)
			RebuildTransferFunctionScriptingTraits (0ms)
			SetupTypeCache (394ms)
			ReleaseScriptCaches (2ms)
			RebuildScriptCaches (68ms)
			SetupLoadedEditorAssemblies (406ms)
				LogAssemblyErrors (0ms)
				InitializePlatformSupportModulesInManaged (4ms)
				SetLoadedEditorAssemblies (0ms)
				RefreshPlugins (1ms)
				BeforeProcessingInitializeOnLoad (79ms)
				ProcessInitializeOnLoadAttributes (308ms)
				ProcessInitializeOnLoadMethodAttributes (6ms)
				AfterProcessingInitializeOnLoad (7ms)
				EditorAssembliesLoaded (0ms)
			ExecutionOrderSort2 (0ms)
			AwakeInstancesAfterBackupRestoration (16ms)
Platform modules already initialized, skipping
Refreshing native plugins compatible for Editor in 1.10 ms, found 2 plugins.
Preloading 0 native plugins for Editor in 0.00 ms.
Unloading 4136 Unused Serialized files (Serialized files now loaded: 0)
System memory in use before: 195.6 MB.
System memory in use after: 195.8 MB.

Unloading 14 unused Assets to reduce memory usage. Loaded Objects now: 4904.
Total: 4.741400 ms (FindLiveObjects: 0.410300 ms CreateObjectMapping: 0.204400 ms MarkObjects: 4.047100 ms  DeleteObjects: 0.077700 ms)

AssetImportParameters requested are different than current active one (requested -> active):
  custom:framework-win-MediaFoundation: 216162199b28c13a410421893ffa2e32 -> 
  custom:video-decoder-ogg-theora: a1e56fd34408186e4bbccfd4996cb3dc -> 
  custom:container-muxer-webm: aa71ff27fc2769a1b78a27578f13a17b -> 
  custom:container-demuxer-webm: 4f35f7cbe854078d1ac9338744f61a02 -> 
  custom:container-demuxer-ogg: 62fdf1f143b41e24485cea50d1cbac27 -> 
  custom:video-encoder-webm-vp8: eb34c28f22e8b96e1ab97ce403110664 -> 
  custom:video-decoder-webm-vp8: 9c59270c3fd7afecdb556c50c9e8de78 -> 
  custom:audio-decoder-ogg-vorbis: bf7c407c2cedff20999df2af8eb42d56 -> 
  custom:audio-encoder-webm-vorbis: bf7c407c2cedff20999df2af8eb42d56 -> 
========================================================================
Received Prepare
Registering precompiled user dll's ...
Registered in 0.003820 seconds.
Begin MonoManager ReloadAssembly
Native extension for WindowsStandalone target not found
Refreshing native plugins compatible for Editor in 1.19 ms, found 2 plugins.
Preloading 0 native plugins for Editor in 0.00 ms.
Mono: successfully reloaded assembly
- Completed reload, in  1.454 seconds
Domain Reload Profiling:
	ReloadAssembly (1455ms)
		BeginReloadAssembly (137ms)
			ExecutionOrderSort (0ms)
			DisableScriptedObjects (7ms)
			BackupInstance (0ms)
			ReleaseScriptingObjects (0ms)
			CreateAndSetChildDomain (52ms)
		EndReloadAssembly (1249ms)
			LoadAssemblies (99ms)
			RebuildTransferFunctionScriptingTraits (0ms)
			SetupTypeCache (432ms)
			ReleaseScriptCaches (2ms)
			RebuildScriptCaches (73ms)
			SetupLoadedEditorAssemblies (452ms)
				LogAssemblyErrors (0ms)
				InitializePlatformSupportModulesInManaged (4ms)
				SetLoadedEditorAssemblies (0ms)
				RefreshPlugins (1ms)
				BeforeProcessingInitializeOnLoad (85ms)
				ProcessInitializeOnLoadAttributes (345ms)
				ProcessInitializeOnLoadMethodAttributes (8ms)
				AfterProcessingInitializeOnLoad (8ms)
				EditorAssembliesLoaded (0ms)
			ExecutionOrderSort2 (0ms)
			AwakeInstancesAfterBackupRestoration (20ms)
Platform modules already initialized, skipping
Refreshing native plugins compatible for Editor in 1.26 ms, found 2 plugins.
Preloading 0 native plugins for Editor in 0.00 ms.
Unloading 4136 Unused Serialized files (Serialized files now loaded: 0)
System memory in use before: 195.7 MB.
System memory in use after: 195.9 MB.

Unloading 14 unused Assets to reduce memory usage. Loaded Objects now: 4906.
Total: 8.226900 ms (FindLiveObjects: 0.403900 ms CreateObjectMapping: 1.658700 ms MarkObjects: 5.945000 ms  DeleteObjects: 0.217600 ms)

AssetImportParameters requested are different than current active one (requested -> active):
  custom:framework-win-MediaFoundation: 216162199b28c13a410421893ffa2e32 -> 
  custom:video-decoder-ogg-theora: a1e56fd34408186e4bbccfd4996cb3dc -> 
  custom:container-muxer-webm: aa71ff27fc2769a1b78a27578f13a17b -> 
  custom:container-demuxer-webm: 4f35f7cbe854078d1ac9338744f61a02 -> 
  custom:container-demuxer-ogg: 62fdf1f143b41e24485cea50d1cbac27 -> 
  custom:video-encoder-webm-vp8: eb34c28f22e8b96e1ab97ce403110664 -> 
  custom:video-decoder-webm-vp8: 9c59270c3fd7afecdb556c50c9e8de78 -> 
  custom:audio-decoder-ogg-vorbis: bf7c407c2cedff20999df2af8eb42d56 -> 
  custom:audio-encoder-webm-vorbis: bf7c407c2cedff20999df2af8eb42d56 -> 
========================================================================
Received Prepare
Registering precompiled user dll's ...
Registered in 0.003788 seconds.
Begin MonoManager ReloadAssembly
Native extension for WindowsStandalone target not found
Refreshing native plugins compatible for Editor in 1.25 ms, found 2 plugins.
Preloading 0 native plugins for Editor in 0.00 ms.
Mono: successfully reloaded assembly
- Completed reload, in  1.637 seconds
Domain Reload Profiling:
	ReloadAssembly (1637ms)
		BeginReloadAssembly (164ms)
			ExecutionOrderSort (0ms)
			DisableScriptedObjects (6ms)
			BackupInstance (0ms)
			ReleaseScriptingObjects (0ms)
			CreateAndSetChildDomain (54ms)
		EndReloadAssembly (1395ms)
			LoadAssemblies (118ms)
			RebuildTransferFunctionScriptingTraits (0ms)
			SetupTypeCache (486ms)
			ReleaseScriptCaches (3ms)
			RebuildScriptCaches (85ms)
			SetupLoadedEditorAssemblies (496ms)
				LogAssemblyErrors (0ms)
				InitializePlatformSupportModulesInManaged (5ms)
				SetLoadedEditorAssemblies (1ms)
				RefreshPlugins (1ms)
				BeforeProcessingInitializeOnLoad (92ms)
				ProcessInitializeOnLoadAttributes (381ms)
				ProcessInitializeOnLoadMethodAttributes (8ms)
				AfterProcessingInitializeOnLoad (7ms)
				EditorAssembliesLoaded (0ms)
			ExecutionOrderSort2 (0ms)
			AwakeInstancesAfterBackupRestoration (20ms)
Platform modules already initialized, skipping
Refreshing native plugins compatible for Editor in 1.05 ms, found 2 plugins.
Preloading 0 native plugins for Editor in 0.00 ms.
Unloading 4136 Unused Serialized files (Serialized files now loaded: 0)
System memory in use before: 195.7 MB.
System memory in use after: 195.9 MB.

Unloading 14 unused Assets to reduce memory usage. Loaded Objects now: 4908.
Total: 4.056400 ms (FindLiveObjects: 0.373800 ms CreateObjectMapping: 0.185700 ms MarkObjects: 3.429400 ms  DeleteObjects: 0.066500 ms)

AssetImportParameters requested are different than current active one (requested -> active):
  custom:framework-win-MediaFoundation: 216162199b28c13a410421893ffa2e32 -> 
  custom:video-decoder-ogg-theora: a1e56fd34408186e4bbccfd4996cb3dc -> 
  custom:container-muxer-webm: aa71ff27fc2769a1b78a27578f13a17b -> 
  custom:container-demuxer-webm: 4f35f7cbe854078d1ac9338744f61a02 -> 
  custom:container-demuxer-ogg: 62fdf1f143b41e24485cea50d1cbac27 -> 
  custom:video-encoder-webm-vp8: eb34c28f22e8b96e1ab97ce403110664 -> 
  custom:video-decoder-webm-vp8: 9c59270c3fd7afecdb556c50c9e8de78 -> 
  custom:audio-decoder-ogg-vorbis: bf7c407c2cedff20999df2af8eb42d56 -> 
  custom:audio-encoder-webm-vorbis: bf7c407c2cedff20999df2af8eb42d56 -> 
========================================================================
Received Import Request.
  Time since last request: 2671.990023 seconds.
  path: Assets/SimmoneC_HDRP/My Assets/Textures/shutter_text.jpg
  artifactKey: Guid(695ab4b8a355aad4586e0c165c2592a7) Importer(815301076,1909f56bfc062723c751e8b465ee728b)
Start importing Assets/SimmoneC_HDRP/My Assets/Textures/shutter_text.jpg using Guid(695ab4b8a355aad4586e0c165c2592a7) Importer(815301076,1909f56bfc062723c751e8b465ee728b)  -> (artifact id: '215799aff5fa4de567b8c42cea85d5df') in 0.071077 seconds 
  Import took 0.080448 seconds .

========================================================================
Received Import Request.
  Time since last request: 9.069851 seconds.
  path: Assets/SimmoneC_HDRP/My Assets/Materials/shutter_text.mat
  artifactKey: Guid(cf37f998864c9b845885ff528175e1ba) Importer(815301076,1909f56bfc062723c751e8b465ee728b)
Start importing Assets/SimmoneC_HDRP/My Assets/Materials/shutter_text.mat using Guid(cf37f998864c9b845885ff528175e1ba) Importer(815301076,1909f56bfc062723c751e8b465ee728b)  -> (artifact id: '449f52766a2ff46529ff638957729bd6') in 0.741611 seconds 
  Import took 0.754498 seconds .

========================================================================
Received Import Request.
  Time since last request: 168.300522 seconds.
  path: Assets/SimmoneC_HDRP/My Assets/Materials/shutter_text.mat
  artifactKey: Guid(cf37f998864c9b845885ff528175e1ba) Importer(815301076,1909f56bfc062723c751e8b465ee728b)
Start importing Assets/SimmoneC_HDRP/My Assets/Materials/shutter_text.mat using Guid(cf37f998864c9b845885ff528175e1ba) Importer(815301076,1909f56bfc062723c751e8b465ee728b)  -> (artifact id: 'e5b04a6734cd8c27812cedb677da09b1') in 0.039048 seconds 
  Import took 0.047958 seconds .

========================================================================
Received Import Request.
  Time since last request: 484.172170 seconds.
  path: Assets/SimmoneC_HDRP/Third Party Assets/ModularCityAlleyPack/Prefabs/Prefabs_Roofs/Roof_Small_Tiled_2x.prefab
  artifactKey: Guid(8ae8662ec77d4bf458b0ce912e4f386c) Importer(815301076,1909f56bfc062723c751e8b465ee728b)
Start importing Assets/SimmoneC_HDRP/Third Party Assets/ModularCityAlleyPack/Prefabs/Prefabs_Roofs/Roof_Small_Tiled_2x.prefab using Guid(8ae8662ec77d4bf458b0ce912e4f386c) Importer(815301076,1909f56bfc062723c751e8b465ee728b)  -> (artifact id: 'fc58fda351342acb4ae0c8c55ccd9cf2') in 0.061351 seconds 
  Import took 0.072667 seconds .

========================================================================
Received Import Request.
  Time since last request: 438.924562 seconds.
  path: Assets/SimmoneC_HDRP/Third Party Assets/ModularCityAlleyPack/Prefabs/FPS Controller/FPS Controller.prefab
  artifactKey: Guid(6ca8b56c1e92d234eb8a69e1d7dfb99b) Importer(815301076,1909f56bfc062723c751e8b465ee728b)
Start importing Assets/SimmoneC_HDRP/Third Party Assets/ModularCityAlleyPack/Prefabs/FPS Controller/FPS Controller.prefab using Guid(6ca8b56c1e92d234eb8a69e1d7dfb99b) Importer(815301076,1909f56bfc062723c751e8b465ee728b)  -> (artifact id: '278c74953aa7c6402cb1a1c2794fe4d1') in 0.013197 seconds 
  Import took 0.022363 seconds .

========================================================================
Received Prepare
Registering precompiled user dll's ...
Registered in 0.004315 seconds.
Begin MonoManager ReloadAssembly
Native extension for WindowsStandalone target not found
Refreshing native plugins compatible for Editor in 1.19 ms, found 2 plugins.
Preloading 0 native plugins for Editor in 0.00 ms.
Mono: successfully reloaded assembly
- Completed reload, in  1.757 seconds
Domain Reload Profiling:
	ReloadAssembly (1758ms)
		BeginReloadAssembly (234ms)
			ExecutionOrderSort (0ms)
			DisableScriptedObjects (34ms)
			BackupInstance (0ms)
			ReleaseScriptingObjects (0ms)
			CreateAndSetChildDomain (63ms)
		EndReloadAssembly (1447ms)
			LoadAssemblies (127ms)
			RebuildTransferFunctionScriptingTraits (0ms)
			SetupTypeCache (459ms)
			ReleaseScriptCaches (2ms)
			RebuildScriptCaches (83ms)
			SetupLoadedEditorAssemblies (484ms)
				LogAssemblyErrors (0ms)
				InitializePlatformSupportModulesInManaged (5ms)
				SetLoadedEditorAssemblies (1ms)
				RefreshPlugins (1ms)
				BeforeProcessingInitializeOnLoad (91ms)
				ProcessInitializeOnLoadAttributes (370ms)
				ProcessInitializeOnLoadMethodAttributes (8ms)
				AfterProcessingInitializeOnLoad (7ms)
				EditorAssembliesLoaded (0ms)
			ExecutionOrderSort2 (0ms)
			AwakeInstancesAfterBackupRestoration (19ms)
Platform modules already initialized, skipping
Refreshing native plugins compatible for Editor in 1.12 ms, found 2 plugins.
Preloading 0 native plugins for Editor in 0.00 ms.
Unloading 4148 Unused Serialized files (Serialized files now loaded: 0)
System memory in use before: 209.4 MB.
System memory in use after: 209.6 MB.

Unloading 14 unused Assets to reduce memory usage. Loaded Objects now: 5061.
Total: 4.314600 ms (FindLiveObjects: 0.383600 ms CreateObjectMapping: 0.203800 ms MarkObjects: 3.645700 ms  DeleteObjects: 0.080600 ms)

AssetImportParameters requested are different than current active one (requested -> active):
  custom:framework-win-MediaFoundation: 216162199b28c13a410421893ffa2e32 -> 
  custom:video-decoder-ogg-theora: a1e56fd34408186e4bbccfd4996cb3dc -> 
  custom:container-muxer-webm: aa71ff27fc2769a1b78a27578f13a17b -> 
  custom:container-demuxer-webm: 4f35f7cbe854078d1ac9338744f61a02 -> 
  custom:container-demuxer-ogg: 62fdf1f143b41e24485cea50d1cbac27 -> 
  custom:video-encoder-webm-vp8: eb34c28f22e8b96e1ab97ce403110664 -> 
  custom:video-decoder-webm-vp8: 9c59270c3fd7afecdb556c50c9e8de78 -> 
  custom:audio-decoder-ogg-vorbis: bf7c407c2cedff20999df2af8eb42d56 -> 
  custom:audio-encoder-webm-vorbis: bf7c407c2cedff20999df2af8eb42d56 -> 
========================================================================
Received Import Request.
  Time since last request: 86.991776 seconds.
  path: Assets/SimmoneC_HDRP/My Assets/Materials/shutter_text.mat
  artifactKey: Guid(cf37f998864c9b845885ff528175e1ba) Importer(815301076,1909f56bfc062723c751e8b465ee728b)
Start importing Assets/SimmoneC_HDRP/My Assets/Materials/shutter_text.mat using Guid(cf37f998864c9b845885ff528175e1ba) Importer(815301076,1909f56bfc062723c751e8b465ee728b)  -> (artifact id: '646dd4cf7b296af419065a1659567301') in 0.596006 seconds 
  Import took 0.606633 seconds .

========================================================================
Received Import Request.
  Time since last request: 15.836942 seconds.
  path: Assets/SimmoneC_HDRP/My Assets/Materials/shutter_text.mat
  artifactKey: Guid(cf37f998864c9b845885ff528175e1ba) Importer(815301076,1909f56bfc062723c751e8b465ee728b)
Start importing Assets/SimmoneC_HDRP/My Assets/Materials/shutter_text.mat using Guid(cf37f998864c9b845885ff528175e1ba) Importer(815301076,1909f56bfc062723c751e8b465ee728b)  -> (artifact id: 'c89b4a6be3ec19c958cffcf54ab83197') in 0.038275 seconds 
  Import took 0.047629 seconds .

========================================================================
Received Prepare
Registering precompiled user dll's ...
Registered in 0.003851 seconds.
Begin MonoManager ReloadAssembly
Native extension for WindowsStandalone target not found
Refreshing native plugins compatible for Editor in 1.09 ms, found 2 plugins.
Preloading 0 native plugins for Editor in 0.00 ms.
Mono: successfully reloaded assembly
- Completed reload, in  1.541 seconds
Domain Reload Profiling:
	ReloadAssembly (1542ms)
		BeginReloadAssembly (162ms)
			ExecutionOrderSort (0ms)
			DisableScriptedObjects (29ms)
			BackupInstance (0ms)
			ReleaseScriptingObjects (0ms)
			CreateAndSetChildDomain (54ms)
		EndReloadAssembly (1310ms)
			LoadAssemblies (100ms)
			RebuildTransferFunctionScriptingTraits (0ms)
			SetupTypeCache (418ms)
			ReleaseScriptCaches (3ms)
			RebuildScriptCaches (83ms)
			SetupLoadedEditorAssemblies (432ms)
				LogAssemblyErrors (0ms)
				InitializePlatformSupportModulesInManaged (4ms)
				SetLoadedEditorAssemblies (0ms)
				RefreshPlugins (1ms)
				BeforeProcessingInitializeOnLoad (81ms)
				ProcessInitializeOnLoadAttributes (332ms)
				ProcessInitializeOnLoadMethodAttributes (6ms)
				AfterProcessingInitializeOnLoad (6ms)
				EditorAssembliesLoaded (0ms)
			ExecutionOrderSort2 (0ms)
			AwakeInstancesAfterBackupRestoration (23ms)
Platform modules already initialized, skipping
Refreshing native plugins compatible for Editor in 1.18 ms, found 2 plugins.
Preloading 0 native plugins for Editor in 0.00 ms.
Unloading 4136 Unused Serialized files (Serialized files now loaded: 0)
System memory in use before: 209.2 MB.
System memory in use after: 209.4 MB.

Unloading 14 unused Assets to reduce memory usage. Loaded Objects now: 5164.
Total: 4.922900 ms (FindLiveObjects: 0.390600 ms CreateObjectMapping: 0.182000 ms MarkObjects: 4.266700 ms  DeleteObjects: 0.081600 ms)

AssetImportParameters requested are different than current active one (requested -> active):
  custom:framework-win-MediaFoundation: 216162199b28c13a410421893ffa2e32 -> 
  custom:video-decoder-ogg-theora: a1e56fd34408186e4bbccfd4996cb3dc -> 
  custom:container-muxer-webm: aa71ff27fc2769a1b78a27578f13a17b -> 
  custom:container-demuxer-webm: 4f35f7cbe854078d1ac9338744f61a02 -> 
  custom:container-demuxer-ogg: 62fdf1f143b41e24485cea50d1cbac27 -> 
  custom:video-encoder-webm-vp8: eb34c28f22e8b96e1ab97ce403110664 -> 
  custom:video-decoder-webm-vp8: 9c59270c3fd7afecdb556c50c9e8de78 -> 
  custom:audio-decoder-ogg-vorbis: bf7c407c2cedff20999df2af8eb42d56 -> 
  custom:audio-encoder-webm-vorbis: bf7c407c2cedff20999df2af8eb42d56 -> 
========================================================================
Received Prepare
Registering precompiled user dll's ...
Registered in 0.003745 seconds.
Begin MonoManager ReloadAssembly
Native extension for WindowsStandalone target not found
Refreshing native plugins compatible for Editor in 1.15 ms, found 2 plugins.
Preloading 0 native plugins for Editor in 0.00 ms.
Mono: successfully reloaded assembly
- Completed reload, in  1.707 seconds
Domain Reload Profiling:
	ReloadAssembly (1707ms)
		BeginReloadAssembly (155ms)
			ExecutionOrderSort (0ms)
			DisableScriptedObjects (5ms)
			BackupInstance (0ms)
			ReleaseScriptingObjects (0ms)
			CreateAndSetChildDomain (51ms)
		EndReloadAssembly (1477ms)
			LoadAssemblies (112ms)
			RebuildTransferFunctionScriptingTraits (0ms)
			SetupTypeCache (487ms)
			ReleaseScriptCaches (3ms)
			RebuildScriptCaches (84ms)
			SetupLoadedEditorAssemblies (504ms)
				LogAssemblyErrors (0ms)
				InitializePlatformSupportModulesInManaged (5ms)
				SetLoadedEditorAssemblies (1ms)
				RefreshPlugins (1ms)
				BeforeProcessingInitializeOnLoad (91ms)
				ProcessInitializeOnLoadAttributes (391ms)
				ProcessInitializeOnLoadMethodAttributes (8ms)
				AfterProcessingInitializeOnLoad (7ms)
				EditorAssembliesLoaded (0ms)
			ExecutionOrderSort2 (0ms)
			AwakeInstancesAfterBackupRestoration (27ms)
Platform modules already initialized, skipping
Refreshing native plugins compatible for Editor in 1.02 ms, found 2 plugins.
Preloading 0 native plugins for Editor in 0.00 ms.
Unloading 4136 Unused Serialized files (Serialized files now loaded: 0)
System memory in use before: 209.2 MB.
System memory in use after: 209.4 MB.

Unloading 14 unused Assets to reduce memory usage. Loaded Objects now: 5166.
Total: 5.226300 ms (FindLiveObjects: 0.567700 ms CreateObjectMapping: 0.328300 ms MarkObjects: 4.220300 ms  DeleteObjects: 0.108100 ms)

AssetImportParameters requested are different than current active one (requested -> active):
  custom:framework-win-MediaFoundation: 216162199b28c13a410421893ffa2e32 -> 
  custom:video-decoder-ogg-theora: a1e56fd34408186e4bbccfd4996cb3dc -> 
  custom:container-muxer-webm: aa71ff27fc2769a1b78a27578f13a17b -> 
  custom:container-demuxer-webm: 4f35f7cbe854078d1ac9338744f61a02 -> 
  custom:container-demuxer-ogg: 62fdf1f143b41e24485cea50d1cbac27 -> 
  custom:video-encoder-webm-vp8: eb34c28f22e8b96e1ab97ce403110664 -> 
  custom:video-decoder-webm-vp8: 9c59270c3fd7afecdb556c50c9e8de78 -> 
  custom:audio-decoder-ogg-vorbis: bf7c407c2cedff20999df2af8eb42d56 -> 
  custom:audio-encoder-webm-vorbis: bf7c407c2cedff20999df2af8eb42d56 -> 
========================================================================
Received Prepare
Registering precompiled user dll's ...
Registered in 0.004485 seconds.
Begin MonoManager ReloadAssembly
Native extension for WindowsStandalone target not found
Refreshing native plugins compatible for Editor in 1.54 ms, found 2 plugins.
Preloading 0 native plugins for Editor in 0.00 ms.
Mono: successfully reloaded assembly
- Completed reload, in  1.650 seconds
Domain Reload Profiling:
	ReloadAssembly (1651ms)
		BeginReloadAssembly (150ms)
			ExecutionOrderSort (0ms)
			DisableScriptedObjects (6ms)
			BackupInstance (0ms)
			ReleaseScriptingObjects (0ms)
			CreateAndSetChildDomain (57ms)
		EndReloadAssembly (1423ms)
			LoadAssemblies (112ms)
			RebuildTransferFunctionScriptingTraits (0ms)
			SetupTypeCache (485ms)
			ReleaseScriptCaches (3ms)
			RebuildScriptCaches (88ms)
			SetupLoadedEditorAssemblies (451ms)
				LogAssemblyErrors (0ms)
				InitializePlatformSupportModulesInManaged (5ms)
				SetLoadedEditorAssemblies (1ms)
				RefreshPlugins (2ms)
				BeforeProcessingInitializeOnLoad (91ms)
				ProcessInitializeOnLoadAttributes (341ms)
				ProcessInitializeOnLoadMethodAttributes (6ms)
				AfterProcessingInitializeOnLoad (6ms)
				EditorAssembliesLoaded (0ms)
			ExecutionOrderSort2 (0ms)
			AwakeInstancesAfterBackupRestoration (24ms)
Platform modules already initialized, skipping
Refreshing native plugins compatible for Editor in 1.07 ms, found 2 plugins.
Preloading 0 native plugins for Editor in 0.00 ms.
Unloading 4136 Unused Serialized files (Serialized files now loaded: 0)
System memory in use before: 209.2 MB.
System memory in use after: 209.4 MB.

Unloading 14 unused Assets to reduce memory usage. Loaded Objects now: 5168.
Total: 5.825000 ms (FindLiveObjects: 0.415400 ms CreateObjectMapping: 0.266000 ms MarkObjects: 5.058600 ms  DeleteObjects: 0.083300 ms)

AssetImportParameters requested are different than current active one (requested -> active):
  custom:framework-win-MediaFoundation: 216162199b28c13a410421893ffa2e32 -> 
  custom:video-decoder-ogg-theora: a1e56fd34408186e4bbccfd4996cb3dc -> 
  custom:container-muxer-webm: aa71ff27fc2769a1b78a27578f13a17b -> 
  custom:container-demuxer-webm: 4f35f7cbe854078d1ac9338744f61a02 -> 
  custom:container-demuxer-ogg: 62fdf1f143b41e24485cea50d1cbac27 -> 
  custom:video-encoder-webm-vp8: eb34c28f22e8b96e1ab97ce403110664 -> 
  custom:video-decoder-webm-vp8: 9c59270c3fd7afecdb556c50c9e8de78 -> 
  custom:audio-decoder-ogg-vorbis: bf7c407c2cedff20999df2af8eb42d56 -> 
  custom:audio-encoder-webm-vorbis: bf7c407c2cedff20999df2af8eb42d56 -> 
========================================================================
Received Prepare
Registering precompiled user dll's ...
Registered in 0.004622 seconds.
Begin MonoManager ReloadAssembly
Native extension for WindowsStandalone target not found
Refreshing native plugins compatible for Editor in 1.08 ms, found 2 plugins.
Preloading 0 native plugins for Editor in 0.00 ms.
Mono: successfully reloaded assembly
- Completed reload, in  1.476 seconds
Domain Reload Profiling:
	ReloadAssembly (1477ms)
		BeginReloadAssembly (140ms)
			ExecutionOrderSort (0ms)
			DisableScriptedObjects (6ms)
			BackupInstance (0ms)
			ReleaseScriptingObjects (0ms)
			CreateAndSetChildDomain (47ms)
		EndReloadAssembly (1269ms)
			LoadAssemblies (99ms)
			RebuildTransferFunctionScriptingTraits (0ms)
			SetupTypeCache (416ms)
			ReleaseScriptCaches (2ms)
			RebuildScriptCaches (76ms)
			SetupLoadedEditorAssemblies (427ms)
				LogAssemblyErrors (0ms)
				InitializePlatformSupportModulesInManaged (5ms)
				SetLoadedEditorAssemblies (0ms)
				RefreshPlugins (1ms)
				BeforeProcessingInitializeOnLoad (82ms)
				ProcessInitializeOnLoadAttributes (325ms)
				ProcessInitializeOnLoadMethodAttributes (8ms)
				AfterProcessingInitializeOnLoad (6ms)
				EditorAssembliesLoaded (0ms)
			ExecutionOrderSort2 (0ms)
			AwakeInstancesAfterBackupRestoration (22ms)
Platform modules already initialized, skipping
Refreshing native plugins compatible for Editor in 0.99 ms, found 2 plugins.
Preloading 0 native plugins for Editor in 0.00 ms.
Unloading 4136 Unused Serialized files (Serialized files now loaded: 0)
System memory in use before: 209.2 MB.
System memory in use after: 209.4 MB.

Unloading 14 unused Assets to reduce memory usage. Loaded Objects now: 5170.
Total: 5.383700 ms (FindLiveObjects: 0.431200 ms CreateObjectMapping: 0.189200 ms MarkObjects: 4.651200 ms  DeleteObjects: 0.100600 ms)

AssetImportParameters requested are different than current active one (requested -> active):
  custom:framework-win-MediaFoundation: 216162199b28c13a410421893ffa2e32 -> 
  custom:video-decoder-ogg-theora: a1e56fd34408186e4bbccfd4996cb3dc -> 
  custom:container-muxer-webm: aa71ff27fc2769a1b78a27578f13a17b -> 
  custom:container-demuxer-webm: 4f35f7cbe854078d1ac9338744f61a02 -> 
  custom:container-demuxer-ogg: 62fdf1f143b41e24485cea50d1cbac27 -> 
  custom:video-encoder-webm-vp8: eb34c28f22e8b96e1ab97ce403110664 -> 
  custom:video-decoder-webm-vp8: 9c59270c3fd7afecdb556c50c9e8de78 -> 
  custom:audio-decoder-ogg-vorbis: bf7c407c2cedff20999df2af8eb42d56 -> 
  custom:audio-encoder-webm-vorbis: bf7c407c2cedff20999df2af8eb42d56 -> 
========================================================================
Received Prepare
Registering precompiled user dll's ...
Registered in 0.004420 seconds.
Begin MonoManager ReloadAssembly
Native extension for WindowsStandalone target not found
Refreshing native plugins compatible for Editor in 1.08 ms, found 2 plugins.
Preloading 0 native plugins for Editor in 0.00 ms.
Mono: successfully reloaded assembly
- Completed reload, in  1.395 seconds
Domain Reload Profiling:
	ReloadAssembly (1395ms)
		BeginReloadAssembly (127ms)
			ExecutionOrderSort (0ms)
			DisableScriptedObjects (5ms)
			BackupInstance (0ms)
			ReleaseScriptingObjects (0ms)
			CreateAndSetChildDomain (46ms)
		EndReloadAssembly (1206ms)
			LoadAssemblies (90ms)
			RebuildTransferFunctionScriptingTraits (0ms)
			SetupTypeCache (383ms)
			ReleaseScriptCaches (2ms)
			RebuildScriptCaches (73ms)
			SetupLoadedEditorAssemblies (406ms)
				LogAssemblyErrors (0ms)
				InitializePlatformSupportModulesInManaged (4ms)
				SetLoadedEditorAssemblies (0ms)
				RefreshPlugins (1ms)
				BeforeProcessingInitializeOnLoad (77ms)
				ProcessInitializeOnLoadAttributes (310ms)
				ProcessInitializeOnLoadMethodAttributes (7ms)
				AfterProcessingInitializeOnLoad (6ms)
				EditorAssembliesLoaded (0ms)
			ExecutionOrderSort2 (0ms)
			AwakeInstancesAfterBackupRestoration (21ms)
Platform modules already initialized, skipping
Refreshing native plugins compatible for Editor in 1.04 ms, found 2 plugins.
Preloading 0 native plugins for Editor in 0.00 ms.
Unloading 4136 Unused Serialized files (Serialized files now loaded: 0)
System memory in use before: 209.2 MB.
System memory in use after: 209.5 MB.

Unloading 14 unused Assets to reduce memory usage. Loaded Objects now: 5172.
Total: 4.740700 ms (FindLiveObjects: 0.424800 ms CreateObjectMapping: 0.215800 ms MarkObjects: 4.011100 ms  DeleteObjects: 0.087400 ms)

AssetImportParameters requested are different than current active one (requested -> active):
  custom:framework-win-MediaFoundation: 216162199b28c13a410421893ffa2e32 -> 
  custom:video-decoder-ogg-theora: a1e56fd34408186e4bbccfd4996cb3dc -> 
  custom:container-muxer-webm: aa71ff27fc2769a1b78a27578f13a17b -> 
  custom:container-demuxer-webm: 4f35f7cbe854078d1ac9338744f61a02 -> 
  custom:container-demuxer-ogg: 62fdf1f143b41e24485cea50d1cbac27 -> 
  custom:video-encoder-webm-vp8: eb34c28f22e8b96e1ab97ce403110664 -> 
  custom:video-decoder-webm-vp8: 9c59270c3fd7afecdb556c50c9e8de78 -> 
  custom:audio-decoder-ogg-vorbis: bf7c407c2cedff20999df2af8eb42d56 -> 
  custom:audio-encoder-webm-vorbis: bf7c407c2cedff20999df2af8eb42d56 -> 
========================================================================
Received Prepare
Registering precompiled user dll's ...
Registered in 0.003871 seconds.
Begin MonoManager ReloadAssembly
Native extension for WindowsStandalone target not found
Refreshing native plugins compatible for Editor in 1.10 ms, found 2 plugins.
Preloading 0 native plugins for Editor in 0.00 ms.
Mono: successfully reloaded assembly
- Completed reload, in  1.318 seconds
Domain Reload Profiling:
	ReloadAssembly (1318ms)
		BeginReloadAssembly (125ms)
			ExecutionOrderSort (0ms)
			DisableScriptedObjects (5ms)
			BackupInstance (0ms)
			ReleaseScriptingObjects (0ms)
			CreateAndSetChildDomain (42ms)
		EndReloadAssembly (1131ms)
			LoadAssemblies (90ms)
			RebuildTransferFunctionScriptingTraits (0ms)
			SetupTypeCache (360ms)
			ReleaseScriptCaches (2ms)
			RebuildScriptCaches (67ms)
			SetupLoadedEditorAssemblies (386ms)
				LogAssemblyErrors (0ms)
				InitializePlatformSupportModulesInManaged (5ms)
				SetLoadedEditorAssemblies (0ms)
				RefreshPlugins (1ms)
				BeforeProcessingInitializeOnLoad (75ms)
				ProcessInitializeOnLoadAttributes (292ms)
				ProcessInitializeOnLoadMethodAttributes (6ms)
				AfterProcessingInitializeOnLoad (6ms)
				EditorAssembliesLoaded (0ms)
			ExecutionOrderSort2 (0ms)
			AwakeInstancesAfterBackupRestoration (19ms)
Platform modules already initialized, skipping
Refreshing native plugins compatible for Editor in 1.07 ms, found 2 plugins.
Preloading 0 native plugins for Editor in 0.00 ms.
Unloading 4136 Unused Serialized files (Serialized files now loaded: 0)
System memory in use before: 209.2 MB.
System memory in use after: 209.5 MB.

Unloading 14 unused Assets to reduce memory usage. Loaded Objects now: 5174.
Total: 4.948400 ms (FindLiveObjects: 0.415400 ms CreateObjectMapping: 0.184900 ms MarkObjects: 4.247300 ms  DeleteObjects: 0.098800 ms)

AssetImportParameters requested are different than current active one (requested -> active):
  custom:framework-win-MediaFoundation: 216162199b28c13a410421893ffa2e32 -> 
  custom:video-decoder-ogg-theora: a1e56fd34408186e4bbccfd4996cb3dc -> 
  custom:container-muxer-webm: aa71ff27fc2769a1b78a27578f13a17b -> 
  custom:container-demuxer-webm: 4f35f7cbe854078d1ac9338744f61a02 -> 
  custom:container-demuxer-ogg: 62fdf1f143b41e24485cea50d1cbac27 -> 
  custom:video-encoder-webm-vp8: eb34c28f22e8b96e1ab97ce403110664 -> 
  custom:video-decoder-webm-vp8: 9c59270c3fd7afecdb556c50c9e8de78 -> 
  custom:audio-decoder-ogg-vorbis: bf7c407c2cedff20999df2af8eb42d56 -> 
  custom:audio-encoder-webm-vorbis: bf7c407c2cedff20999df2af8eb42d56 -> 
========================================================================
Received Import Request.
  Time since last request: 1201.470600 seconds.
  path: Assets/SimmoneC_HDRP/Third Party Assets/ModularCityAlleyPack/Materials/Miscellaneous
  artifactKey: Guid(7b1efc39b1b9077448d2c99dcf96ae8b) Importer(815301076,1909f56bfc062723c751e8b465ee728b)
Start importing Assets/SimmoneC_HDRP/Third Party Assets/ModularCityAlleyPack/Materials/Miscellaneous using Guid(7b1efc39b1b9077448d2c99dcf96ae8b) Importer(815301076,1909f56bfc062723c751e8b465ee728b)  -> (artifact id: '599419ad89137a1d197314f689084444') in 0.015415 seconds 
  Import took 0.025074 seconds .

========================================================================
Received Import Request.
  Time since last request: 102.979512 seconds.
  path: Assets/SimmoneC_HDRP/Third Party Assets/ModularCityAlleyPack/Materials/Miscellaneous/AirductTiled.mat
  artifactKey: Guid(0ab445130c11c14438a711f8971119d0) Importer(815301076,1909f56bfc062723c751e8b465ee728b)
Start importing Assets/SimmoneC_HDRP/Third Party Assets/ModularCityAlleyPack/Materials/Miscellaneous/AirductTiled.mat using Guid(0ab445130c11c14438a711f8971119d0) Importer(815301076,1909f56bfc062723c751e8b465ee728b)  -> (artifact id: '720f0677fe0cfaffc12116172e44087b') in 0.575337 seconds 
  Import took 0.586040 seconds .

========================================================================
Received Import Request.
  Time since last request: 0.000180 seconds.
  path: Assets/SimmoneC_HDRP/Third Party Assets/ModularCityAlleyPack/Materials/Miscellaneous/Metal_Chainlink_Fence.mat
  artifactKey: Guid(7e59c78953ab9d4428aa3fe4f850bf5e) Importer(815301076,1909f56bfc062723c751e8b465ee728b)
Start importing Assets/SimmoneC_HDRP/Third Party Assets/ModularCityAlleyPack/Materials/Miscellaneous/Metal_Chainlink_Fence.mat using Guid(7e59c78953ab9d4428aa3fe4f850bf5e) Importer(815301076,1909f56bfc062723c751e8b465ee728b)  -> (artifact id: '36cc70f468a03b0aaa9d2ad65645bdf6') in 0.043898 seconds 
  Import took 0.052184 seconds .

========================================================================
Received Import Request.
  Time since last request: 0.000205 seconds.
  path: Assets/SimmoneC_HDRP/Third Party Assets/ModularCityAlleyPack/Materials/Miscellaneous/Alley_Prop_Set.mat
  artifactKey: Guid(09e6abaef82621641a80e7eb1691303d) Importer(815301076,1909f56bfc062723c751e8b465ee728b)
Start importing Assets/SimmoneC_HDRP/Third Party Assets/ModularCityAlleyPack/Materials/Miscellaneous/Alley_Prop_Set.mat using Guid(09e6abaef82621641a80e7eb1691303d) Importer(815301076,1909f56bfc062723c751e8b465ee728b)  -> (artifact id: 'c0da08feb2be4f1717339e04b5068936') in 0.059438 seconds 
  Import took 0.069710 seconds .

========================================================================
Received Import Request.
  Time since last request: 0.000172 seconds.
  path: Assets/SimmoneC_HDRP/Third Party Assets/ModularCityAlleyPack/Materials/Miscellaneous/Distant_Building_B.mat
  artifactKey: Guid(604a5bce80483fc4eaffc674794fe138) Importer(815301076,1909f56bfc062723c751e8b465ee728b)
Start importing Assets/SimmoneC_HDRP/Third Party Assets/ModularCityAlleyPack/Materials/Miscellaneous/Distant_Building_B.mat using Guid(604a5bce80483fc4eaffc674794fe138) Importer(815301076,1909f56bfc062723c751e8b465ee728b)  -> (artifact id: '6daea58e79e41800aa3364e8c5968e8f') in 0.042254 seconds 
  Import took 0.050645 seconds .

========================================================================
Received Import Request.
  Time since last request: 0.000256 seconds.
  path: Assets/SimmoneC_HDRP/Third Party Assets/ModularCityAlleyPack/Materials/Miscellaneous/Roof_Metal.mat
  artifactKey: Guid(98a55ec570d04024cb393ee2ee530726) Importer(815301076,1909f56bfc062723c751e8b465ee728b)
Start importing Assets/SimmoneC_HDRP/Third Party Assets/ModularCityAlleyPack/Materials/Miscellaneous/Roof_Metal.mat using Guid(98a55ec570d04024cb393ee2ee530726) Importer(815301076,1909f56bfc062723c751e8b465ee728b)  -> (artifact id: 'fd151a6dfc87e6d1509a8e64d43ef0b4') in 0.042182 seconds 
  Import took 0.050722 seconds .

========================================================================
Received Import Request.
  Time since last request: 0.000161 seconds.
  path: Assets/SimmoneC_HDRP/Third Party Assets/ModularCityAlleyPack/Materials/Miscellaneous/Distant_Building.mat
  artifactKey: Guid(0c9c98cbfa158d24bbc80264765e5937) Importer(815301076,1909f56bfc062723c751e8b465ee728b)
Start importing Assets/SimmoneC_HDRP/Third Party Assets/ModularCityAlleyPack/Materials/Miscellaneous/Distant_Building.mat using Guid(0c9c98cbfa158d24bbc80264765e5937) Importer(815301076,1909f56bfc062723c751e8b465ee728b)  -> (artifact id: '902e3c98dd1d0bde3e9ebbd631072db5') in 0.039995 seconds 
  Import took 0.048835 seconds .

========================================================================
Received Import Request.
  Time since last request: 0.000177 seconds.
  path: Assets/SimmoneC_HDRP/Third Party Assets/ModularCityAlleyPack/Materials/Miscellaneous/Particles_Dirt.mat
  artifactKey: Guid(c2224f00f2b2c374eb09fe798df64400) Importer(815301076,1909f56bfc062723c751e8b465ee728b)
Start importing Assets/SimmoneC_HDRP/Third Party Assets/ModularCityAlleyPack/Materials/Miscellaneous/Particles_Dirt.mat using Guid(c2224f00f2b2c374eb09fe798df64400) Importer(815301076,1909f56bfc062723c751e8b465ee728b)  -> (artifact id: '84fcc195da6f3409a87acd2fc50eca78') in 0.050716 seconds 
  Import took 0.060027 seconds .

========================================================================
Received Import Request.
  Time since last request: 0.000185 seconds.
  path: Assets/SimmoneC_HDRP/Third Party Assets/ModularCityAlleyPack/Materials/Miscellaneous/Distant_Building_C.mat
  artifactKey: Guid(c831b2b061183754283f31963e74ffa8) Importer(815301076,1909f56bfc062723c751e8b465ee728b)
Start importing Assets/SimmoneC_HDRP/Third Party Assets/ModularCityAlleyPack/Materials/Miscellaneous/Distant_Building_C.mat using Guid(c831b2b061183754283f31963e74ffa8) Importer(815301076,1909f56bfc062723c751e8b465ee728b)  -> (artifact id: '958c3f8cb9951d39d56056e5464f67b8') in 0.043150 seconds 
  Import took 0.052713 seconds .

========================================================================
Received Import Request.
  Time since last request: 0.000200 seconds.
  path: Assets/SimmoneC_HDRP/Third Party Assets/ModularCityAlleyPack/Materials/Miscellaneous/Dumpster_Set.mat
  artifactKey: Guid(701dd24b09b613e4497cdd0d64df3df9) Importer(815301076,1909f56bfc062723c751e8b465ee728b)
Start importing Assets/SimmoneC_HDRP/Third Party Assets/ModularCityAlleyPack/Materials/Miscellaneous/Dumpster_Set.mat using Guid(701dd24b09b613e4497cdd0d64df3df9) Importer(815301076,1909f56bfc062723c751e8b465ee728b)  -> (artifact id: '516b659de1b30c79d557c008efde5118') in 0.047001 seconds 
  Import took 0.058377 seconds .

========================================================================
Received Import Request.
  Time since last request: 0.000193 seconds.
  path: Assets/SimmoneC_HDRP/Third Party Assets/ModularCityAlleyPack/Materials/Miscellaneous/Decals_Dirt.mat
  artifactKey: Guid(69e723bc7cd4e4b4a81aba36543ab27b) Importer(815301076,1909f56bfc062723c751e8b465ee728b)
Start importing Assets/SimmoneC_HDRP/Third Party Assets/ModularCityAlleyPack/Materials/Miscellaneous/Decals_Dirt.mat using Guid(69e723bc7cd4e4b4a81aba36543ab27b) Importer(815301076,1909f56bfc062723c751e8b465ee728b)  -> (artifact id: '7441209bd220942bec98b529970607a0') in 0.059843 seconds 
  Import took 0.069274 seconds .

========================================================================
Received Import Request.
  Time since last request: 0.000193 seconds.
  path: Assets/SimmoneC_HDRP/Third Party Assets/ModularCityAlleyPack/Materials/Miscellaneous/Particles_Steam.mat
  artifactKey: Guid(c5d917d1447547f418d87c6b8e0984af) Importer(815301076,1909f56bfc062723c751e8b465ee728b)
Start importing Assets/SimmoneC_HDRP/Third Party Assets/ModularCityAlleyPack/Materials/Miscellaneous/Particles_Steam.mat using Guid(c5d917d1447547f418d87c6b8e0984af) Importer(815301076,1909f56bfc062723c751e8b465ee728b)  -> (artifact id: '4398eba94a56b294e6d5b2c9b68eee09') in 0.061740 seconds 
  Import took 0.071703 seconds .

========================================================================
Received Import Request.
  Time since last request: 0.000156 seconds.
  path: Assets/SimmoneC_HDRP/Third Party Assets/ModularCityAlleyPack/Materials/Miscellaneous/Neon_Signs.mat
  artifactKey: Guid(f7e58bc47cb3a864394e3fec8e3e2d79) Importer(815301076,1909f56bfc062723c751e8b465ee728b)
Start importing Assets/SimmoneC_HDRP/Third Party Assets/ModularCityAlleyPack/Materials/Miscellaneous/Neon_Signs.mat using Guid(f7e58bc47cb3a864394e3fec8e3e2d79) Importer(815301076,1909f56bfc062723c751e8b465ee728b)  -> (artifact id: '10aa91887700b18a427a8fa25f55063d') in 0.037817 seconds 
  Import took 0.047423 seconds .

========================================================================
Received Import Request.
  Time since last request: 0.000215 seconds.
  path: Assets/SimmoneC_HDRP/Third Party Assets/ModularCityAlleyPack/Materials/Miscellaneous/Bed.mat
  artifactKey: Guid(47afe75024096b94a9b993fc3c3c3379) Importer(815301076,1909f56bfc062723c751e8b465ee728b)
Start importing Assets/SimmoneC_HDRP/Third Party Assets/ModularCityAlleyPack/Materials/Miscellaneous/Bed.mat using Guid(47afe75024096b94a9b993fc3c3c3379) Importer(815301076,1909f56bfc062723c751e8b465ee728b)  -> (artifact id: '62437473382dfb6ccf901a928dfef5d7') in 0.046520 seconds 
  Import took 0.055518 seconds .

========================================================================
Received Import Request.
  Time since last request: 0.000064 seconds.
  path: Assets/SimmoneC_HDRP/Third Party Assets/ModularCityAlleyPack/Materials/Miscellaneous/Garbage_Set.mat
  artifactKey: Guid(64a519932fea02148b4e5ed0b50adf0a) Importer(815301076,1909f56bfc062723c751e8b465ee728b)
Start importing Assets/SimmoneC_HDRP/Third Party Assets/ModularCityAlleyPack/Materials/Miscellaneous/Garbage_Set.mat using Guid(64a519932fea02148b4e5ed0b50adf0a) Importer(815301076,1909f56bfc062723c751e8b465ee728b)  -> (artifact id: '2d335a8a9de4f7472361aabe180c42e7') in 0.039153 seconds 
  Import took 0.049249 seconds .

========================================================================
Received Import Request.
  Time since last request: 0.000176 seconds.
  path: Assets/SimmoneC_HDRP/Third Party Assets/ModularCityAlleyPack/Materials/Miscellaneous/Awnings.mat
  artifactKey: Guid(1fc9ea6d6d1b8e943aab52368d009298) Importer(815301076,1909f56bfc062723c751e8b465ee728b)
Start importing Assets/SimmoneC_HDRP/Third Party Assets/ModularCityAlleyPack/Materials/Miscellaneous/Awnings.mat using Guid(1fc9ea6d6d1b8e943aab52368d009298) Importer(815301076,1909f56bfc062723c751e8b465ee728b)  -> (artifact id: '8453ba3b65f154d8f581966192493b84') in 0.043897 seconds 
  Import took 0.052980 seconds .

========================================================================
Received Import Request.
  Time since last request: 0.000199 seconds.
  path: Assets/SimmoneC_HDRP/Third Party Assets/ModularCityAlleyPack/Materials/Miscellaneous/Decals_Water.mat
  artifactKey: Guid(5ebead6f266edf64485017e666194f31) Importer(815301076,1909f56bfc062723c751e8b465ee728b)
Start importing Assets/SimmoneC_HDRP/Third Party Assets/ModularCityAlleyPack/Materials/Miscellaneous/Decals_Water.mat using Guid(5ebead6f266edf64485017e666194f31) Importer(815301076,1909f56bfc062723c751e8b465ee728b)  -> (artifact id: '39be98a5cb9b7cdeeef344ac55e97a88') in 0.042128 seconds 
  Import took 0.051060 seconds .

========================================================================
Received Import Request.
  Time since last request: 1416.191596 seconds.
  path: Assets/HDRPDefaultResources/DefaultHDRPAsset.asset
  artifactKey: Guid(e93c35b24eb03c74284e7dc0b755bfcc) Importer(815301076,1909f56bfc062723c751e8b465ee728b)
Start importing Assets/HDRPDefaultResources/DefaultHDRPAsset.asset using Guid(e93c35b24eb03c74284e7dc0b755bfcc) Importer(815301076,1909f56bfc062723c751e8b465ee728b)  -> (artifact id: '93f7ee60fbe514a02471176ef13dec7b') in 0.015010 seconds 
  Import took 0.032103 seconds .

========================================================================
Received Import Request.
  Time since last request: 0.000208 seconds.
  path: Assets/HDRPDefaultResources/DefaultSceneRoot.prefab
  artifactKey: Guid(2bfa7b9d63fa79e4abdc033f54a868d2) Importer(815301076,1909f56bfc062723c751e8b465ee728b)
Start importing Assets/HDRPDefaultResources/DefaultSceneRoot.prefab using Guid(2bfa7b9d63fa79e4abdc033f54a868d2) Importer(815301076,1909f56bfc062723c751e8b465ee728b)  -> (artifact id: 'c472b37fe2f50ded3eb3f70f6c0544e5') in 0.040438 seconds 
  Import took 0.056037 seconds .

========================================================================
Received Import Request.
  Time since last request: 0.000203 seconds.
  path: Assets/HDRPDefaultResources/DefaultVFXResources.asset
  artifactKey: Guid(145290c901d58b343bdeb3b4362c9ff2) Importer(815301076,1909f56bfc062723c751e8b465ee728b)
Start importing Assets/HDRPDefaultResources/DefaultVFXResources.asset using Guid(145290c901d58b343bdeb3b4362c9ff2) Importer(815301076,1909f56bfc062723c751e8b465ee728b) Having more than one VFXResources in your project is unsupported
UnityEngine.StackTraceUtility:ExtractStackTrace ()
UnityEngine.DebugLogHandler:LogFormat (UnityEngine.LogType,UnityEngine.Object,string,object[])
UnityEngine.Logger:Log (UnityEngine.LogType,object)
UnityEngine.Debug:LogError (object)
UnityEditor.VFX.VFXResources:OnEnable () (at Library/PackageCache/com.unity.visualeffectgraph@10.6.0/Editor/Utils/VFXResources.cs:47)

(Filename: Library/PackageCache/com.unity.visualeffectgraph@10.6.0/Editor/Utils/VFXResources.cs Line: 47)

 -> (artifact id: '1b83f9103a18d73c743ecab2e8f50a74') in 0.104219 seconds 
  Import took 0.127427 seconds .

========================================================================
Received Import Request.
  Time since last request: 3.991354 seconds.
  path: Assets/HDRPDefaultResources/DefaultVolumeSettingsProfile.asset
  artifactKey: Guid(5a44d4ce648a1ec4d807aace5357587c) Importer(815301076,1909f56bfc062723c751e8b465ee728b)
Start importing Assets/HDRPDefaultResources/DefaultVolumeSettingsProfile.asset using Guid(5a44d4ce648a1ec4d807aace5357587c) Importer(815301076,1909f56bfc062723c751e8b465ee728b)  -> (artifact id: '34fe0237b6c9abcf1658395009b9a952') in 0.020596 seconds 
  Import took 0.034310 seconds .

========================================================================
Received Import Request.
  Time since last request: 190.140602 seconds.
  path: Assets/SimmoneC_HDRP/My Assets/Prefabs/StreetLamp.prefab
  artifactKey: Guid(f2d12330ba6321f438b0b753f771f208) Importer(815301076,1909f56bfc062723c751e8b465ee728b)
Start importing Assets/SimmoneC_HDRP/My Assets/Prefabs/StreetLamp.prefab using Guid(f2d12330ba6321f438b0b753f771f208) Importer(815301076,1909f56bfc062723c751e8b465ee728b)  -> (artifact id: '61bc3eda42592799d8a9302d894c7a9d') in 0.127541 seconds 
  Import took 0.140536 seconds .

========================================================================
Received Import Request.
  Time since last request: 158.174121 seconds.
  path: Packages/com.unity.render-pipelines.high-definition/Runtime/Material/Lit/Lit.shader
  artifactKey: Guid(6e4ae4064600d784cac1e41a9e6f2e59) Importer(815301076,1909f56bfc062723c751e8b465ee728b)
Start importing Packages/com.unity.render-pipelines.high-definition/Runtime/Material/Lit/Lit.shader using Guid(6e4ae4064600d784cac1e41a9e6f2e59) Importer(815301076,1909f56bfc062723c751e8b465ee728b)  -> (artifact id: '28606bbd9429542e67fa5c77337f1ad0') in 0.034525 seconds 
  Import took 0.055303 seconds .

========================================================================
Received Import Request.
  Time since last request: 6.837929 seconds.
  path: Packages/com.unity.render-pipelines.high-definition/Runtime/Material/Lit/ShaderPass
  artifactKey: Guid(cf157ff6c6d99d24b87ba5de6be19aec) Importer(815301076,1909f56bfc062723c751e8b465ee728b)
Start importing Packages/com.unity.render-pipelines.high-definition/Runtime/Material/Lit/ShaderPass using Guid(cf157ff6c6d99d24b87ba5de6be19aec) Importer(815301076,1909f56bfc062723c751e8b465ee728b)  -> (artifact id: '7c257c330fd1530fff1bb0a01d19c09f') in 0.016796 seconds 
  Import took 0.028255 seconds .

========================================================================
Received Import Request.
  Time since last request: 35.737228 seconds.
  path: Packages/com.unity.render-pipelines.high-definition/Runtime/RenderPipelineResources/Material/DefaultHDMaterial.mat
  artifactKey: Guid(73c176f402d2c2f4d929aa5da7585d17) Importer(815301076,1909f56bfc062723c751e8b465ee728b)
Start importing Packages/com.unity.render-pipelines.high-definition/Runtime/RenderPipelineResources/Material/DefaultHDMaterial.mat using Guid(73c176f402d2c2f4d929aa5da7585d17) Importer(815301076,1909f56bfc062723c751e8b465ee728b)  -> (artifact id: 'c2d2c264e7364b9722d44003ba0cd56d') in 0.107122 seconds 
  Import took 0.126517 seconds .

========================================================================
Received Import Request.
  Time since last request: 0.000258 seconds.
  path: Packages/com.unity.render-pipelines.high-definition/Runtime/RenderPipelineResources/Material/DefaultHDTerrainMaterial.mat
  artifactKey: Guid(22ff8771d87ef27429e670136399094b) Importer(815301076,1909f56bfc062723c751e8b465ee728b)
Start importing Packages/com.unity.render-pipelines.high-definition/Runtime/RenderPipelineResources/Material/DefaultHDTerrainMaterial.mat using Guid(22ff8771d87ef27429e670136399094b) Importer(815301076,1909f56bfc062723c751e8b465ee728b)  -> (artifact id: '503903c1d990bf0d33a686dc6bf1c2b1') in 1.681061 seconds 
  Import took 1.701611 seconds .

========================================================================
Received Import Request.
  Time since last request: 0.000637 seconds.
  path: Packages/com.unity.render-pipelines.high-definition/Runtime/RenderPipelineResources/Material/DefaultHDParticleMaterial.mat
  artifactKey: Guid(b739a3f02ff77bf48b7636e64c3e3b4c) Importer(815301076,1909f56bfc062723c751e8b465ee728b)
Start importing Packages/com.unity.render-pipelines.high-definition/Runtime/RenderPipelineResources/Material/DefaultHDParticleMaterial.mat using Guid(b739a3f02ff77bf48b7636e64c3e3b4c) Importer(815301076,1909f56bfc062723c751e8b465ee728b)  -> (artifact id: '9a6e8d0078cca8af908fd42633c59534') in 0.119641 seconds 
  Import took 0.137915 seconds .

========================================================================
Received Import Request.
  Time since last request: 0.000275 seconds.
  path: Packages/com.unity.render-pipelines.high-definition/Runtime/RenderPipelineResources/Material/DefaultHDMirrorMaterial.mat
  artifactKey: Guid(6b17274157b33bc45b6a40e7d4ff51fe) Importer(815301076,1909f56bfc062723c751e8b465ee728b)
Start importing Packages/com.unity.render-pipelines.high-definition/Runtime/RenderPipelineResources/Material/DefaultHDMirrorMaterial.mat using Guid(6b17274157b33bc45b6a40e7d4ff51fe) Importer(815301076,1909f56bfc062723c751e8b465ee728b)  -> (artifact id: '4c58f608aaf4ff28e1b0e895f06c2166') in 0.102197 seconds 
  Import took 0.120358 seconds .

========================================================================
Received Import Request.
  Time since last request: 0.000336 seconds.
  path: Packages/com.unity.render-pipelines.high-definition/Runtime/RenderPipelineResources/Material/DefaultSkybox.exr
  artifactKey: Guid(a615f6de0224d55408b4e74da3b0bac0) Importer(815301076,1909f56bfc062723c751e8b465ee728b)
Start importing Packages/com.unity.render-pipelines.high-definition/Runtime/RenderPipelineResources/Material/DefaultSkybox.exr using Guid(a615f6de0224d55408b4e74da3b0bac0) Importer(815301076,1909f56bfc062723c751e8b465ee728b)  -> (artifact id: 'b5fe91333aaf1a6ba9e53a99602cff9f') in 0.089341 seconds 
  Import took 0.108495 seconds .

========================================================================
Received Import Request.
  Time since last request: 1973.197222 seconds.
  path: Packages/com.unity.render-pipelines.high-definition/Runtime/Material/GGXConvolution/BuildProbabilityTables.compute
  artifactKey: Guid(b9f26cf340afe9145a699753531b2a4c) Importer(815301076,1909f56bfc062723c751e8b465ee728b)
Start importing Packages/com.unity.render-pipelines.high-definition/Runtime/Material/GGXConvolution/BuildProbabilityTables.compute using Guid(b9f26cf340afe9145a699753531b2a4c) Importer(815301076,1909f56bfc062723c751e8b465ee728b)  -> (artifact id: 'a67af13d62240157b25dd4efcf910f8c') in 0.016601 seconds 
  Import took 0.031836 seconds .

========================================================================
Received Import Request.
  Time since last request: 0.000346 seconds.
  path: Packages/com.unity.render-pipelines.high-definition/Runtime/Material/GGXConvolution/ComputeGgxIblSampleData.compute
  artifactKey: Guid(764a24bb47ef5ba4781d9ae82ca07445) Importer(815301076,1909f56bfc062723c751e8b465ee728b)
Start importing Packages/com.unity.render-pipelines.high-definition/Runtime/Material/GGXConvolution/ComputeGgxIblSampleData.compute using Guid(764a24bb47ef5ba4781d9ae82ca07445) Importer(815301076,1909f56bfc062723c751e8b465ee728b)  -> (artifact id: '60f873097bd22fe021ea8436bf9b4bd2') in 0.015876 seconds 
  Import took 0.033975 seconds .

========================================================================
Received Import Request.
  Time since last request: 2.604203 seconds.
  path: Packages/com.unity.timeline/package.json
  artifactKey: Guid(13a9c1b4df2e489e8eb9cacca7429596) Importer(815301076,1909f56bfc062723c751e8b465ee728b)
Start importing Packages/com.unity.timeline/package.json using Guid(13a9c1b4df2e489e8eb9cacca7429596) Importer(815301076,1909f56bfc062723c751e8b465ee728b)  -> (artifact id: 'f5f0bd160b21fa9a3f04bb73efc8c7e8') in 0.020523 seconds 
  Import took 0.029504 seconds .

========================================================================
Received Import Request.
  Time since last request: 1.644173 seconds.
  path: Packages/com.unity.render-pipelines.high-definition/Runtime/Sky/AmbientProbeConvolution.compute
  artifactKey: Guid(6d048f7b1bd45e840b4e79ec92639fa8) Importer(815301076,1909f56bfc062723c751e8b465ee728b)
Start importing Packages/com.unity.render-pipelines.high-definition/Runtime/Sky/AmbientProbeConvolution.compute using Guid(6d048f7b1bd45e840b4e79ec92639fa8) Importer(815301076,1909f56bfc062723c751e8b465ee728b)  -> (artifact id: 'a1af936f9b1e9f7e0d5cc418c9f7faeb') in 0.013922 seconds 
  Import took 0.027354 seconds .

========================================================================
Received Import Request.
  Time since last request: 0.625839 seconds.
  path: Packages/com.unity.render-pipelines.high-definition/Runtime/ShaderLibrary/ResolveStencilBuffer.compute
  artifactKey: Guid(65b89cac5f286b043a31bf8041776ee7) Importer(815301076,1909f56bfc062723c751e8b465ee728b)
Start importing Packages/com.unity.render-pipelines.high-definition/Runtime/ShaderLibrary/ResolveStencilBuffer.compute using Guid(65b89cac5f286b043a31bf8041776ee7) Importer(815301076,1909f56bfc062723c751e8b465ee728b)  -> (artifact id: '1f2d576e8c2c8910d9bc852aacf9c465') in 0.008507 seconds 
  Import took 0.022327 seconds .

========================================================================
Received Import Request.
  Time since last request: 1.498652 seconds.
  path: Packages/com.unity.collab-proxy/package.json
  artifactKey: Guid(743fda8c4b219c8429fb5a77ede1c879) Importer(815301076,1909f56bfc062723c751e8b465ee728b)
Start importing Packages/com.unity.collab-proxy/package.json using Guid(743fda8c4b219c8429fb5a77ede1c879) Importer(815301076,1909f56bfc062723c751e8b465ee728b)  -> (artifact id: '936de5d022d6d8e18c85f2abbe2a0786') in 0.015614 seconds 
  Import took 0.024702 seconds .

========================================================================
Received Import Request.
  Time since last request: 0.638754 seconds.
  path: Packages/com.unity.visualeffectgraph/package.json
  artifactKey: Guid(6f8f5c087a5cb4bd19c1e4898d57e453) Importer(815301076,1909f56bfc062723c751e8b465ee728b)
Start importing Packages/com.unity.visualeffectgraph/package.json using Guid(6f8f5c087a5cb4bd19c1e4898d57e453) Importer(815301076,1909f56bfc062723c751e8b465ee728b)  -> (artifact id: 'eedc019fd5a98b3fa9d0b8c658ffdece') in 0.015980 seconds 
  Import took 0.025633 seconds .

========================================================================
Received Import Request.
  Time since last request: 0.000190 seconds.
  path: Packages/com.unity.visualeffectgraph/Unity.VisualEffectGraph.Runtime.asmdef
  artifactKey: Guid(d04eb9c554ad44ceab303cecf0c0cf82) Importer(815301076,1909f56bfc062723c751e8b465ee728b)
Start importing Packages/com.unity.visualeffectgraph/Unity.VisualEffectGraph.Runtime.asmdef using Guid(d04eb9c554ad44ceab303cecf0c0cf82) Importer(815301076,1909f56bfc062723c751e8b465ee728b)  -> (artifact id: '63a8c0d09fc23750b5776531514b766b') in 0.022858 seconds 
  Import took 0.037460 seconds .

========================================================================
Received Import Request.
  Time since last request: 2.564878 seconds.
  path: Packages/com.unity.ide.vscode/package.json
  artifactKey: Guid(ffc6271f08270b64ca0aae9c49235d81) Importer(815301076,1909f56bfc062723c751e8b465ee728b)
Start importing Packages/com.unity.ide.vscode/package.json using Guid(ffc6271f08270b64ca0aae9c49235d81) Importer(815301076,1909f56bfc062723c751e8b465ee728b)  -> (artifact id: 'a12e5f9aa69fe76d2e78335de0f16dd9') in 0.009144 seconds 
  Import took 0.023146 seconds .

========================================================================
Received Import Request.
  Time since last request: 1.422181 seconds.
  path: Packages/com.unity.test-framework/package.json
  artifactKey: Guid(d6a2e6e4803de7b43baacdc355fc144d) Importer(815301076,1909f56bfc062723c751e8b465ee728b)
Start importing Packages/com.unity.test-framework/package.json using Guid(d6a2e6e4803de7b43baacdc355fc144d) Importer(815301076,1909f56bfc062723c751e8b465ee728b)  -> (artifact id: '8ad8b5eada3eeba9f7d9ee39dd4ebb7c') in 0.004838 seconds 
  Import took 0.013950 seconds .

========================================================================
Received Import Request.
  Time since last request: 141.092261 seconds.
  path: Assets/SimmoneC_HDRP/Third Party Assets/ModularCityAlleyPack/Prefabs/Prefabs_Props/Lamp_Cone_Spot.prefab
  artifactKey: Guid(f9da9d481836bd749992e898a459fda9) Importer(815301076,1909f56bfc062723c751e8b465ee728b)
Start importing Assets/SimmoneC_HDRP/Third Party Assets/ModularCityAlleyPack/Prefabs/Prefabs_Props/Lamp_Cone_Spot.prefab using Guid(f9da9d481836bd749992e898a459fda9) Importer(815301076,1909f56bfc062723c751e8b465ee728b)  -> (artifact id: 'f35591e99787a865417e264bf10ec2d1') in 0.085986 seconds 
  Import took 0.103759 seconds .

========================================================================
Received Import Request.
  Time since last request: 9.087395 seconds.
  path: Assets/SimmoneC_HDRP/Third Party Assets/ModularCityAlleyPack/Prefabs/Prefabs_Props/Lamp_Cone_Spot.prefab
  artifactKey: Guid(f9da9d481836bd749992e898a459fda9) Importer(815301076,1909f56bfc062723c751e8b465ee728b)
Start importing Assets/SimmoneC_HDRP/Third Party Assets/ModularCityAlleyPack/Prefabs/Prefabs_Props/Lamp_Cone_Spot.prefab using Guid(f9da9d481836bd749992e898a459fda9) Importer(815301076,1909f56bfc062723c751e8b465ee728b)  -> (artifact id: '8869b1c213e08ea991e1efa4be13f3a8') in 0.070676 seconds 
  Import took 0.083374 seconds .

========================================================================
Received Import Request.
  Time since last request: 3.939039 seconds.
  path: Assets/SimmoneC_HDRP/Third Party Assets/ModularCityAlleyPack/Prefabs/Prefabs_Props/Lamp_Cone_Spot.prefab
  artifactKey: Guid(f9da9d481836bd749992e898a459fda9) Importer(815301076,1909f56bfc062723c751e8b465ee728b)
Start importing Assets/SimmoneC_HDRP/Third Party Assets/ModularCityAlleyPack/Prefabs/Prefabs_Props/Lamp_Cone_Spot.prefab using Guid(f9da9d481836bd749992e898a459fda9) Importer(815301076,1909f56bfc062723c751e8b465ee728b)  -> (artifact id: '9f5901acfd2dc33997464fa7d4244eb5') in 0.077726 seconds 
  Import took 0.091112 seconds .

========================================================================
Received Import Request.
  Time since last request: 2.149970 seconds.
  path: Assets/SimmoneC_HDRP/Third Party Assets/ModularCityAlleyPack/Prefabs/Prefabs_Props/Lamp_Cone_Spot.prefab
  artifactKey: Guid(f9da9d481836bd749992e898a459fda9) Importer(815301076,1909f56bfc062723c751e8b465ee728b)
Start importing Assets/SimmoneC_HDRP/Third Party Assets/ModularCityAlleyPack/Prefabs/Prefabs_Props/Lamp_Cone_Spot.prefab using Guid(f9da9d481836bd749992e898a459fda9) Importer(815301076,1909f56bfc062723c751e8b465ee728b)  -> (artifact id: '84de8deaacd0360d42e60932d74ef896') in 0.060495 seconds 
  Import took 0.074239 seconds .

========================================================================
Received Import Request.
  Time since last request: 11.337100 seconds.
  path: Assets/SimmoneC_HDRP/Third Party Assets/ModularCityAlleyPack/Prefabs/Prefabs_Props/Lamp_Cone_Spot.prefab
  artifactKey: Guid(f9da9d481836bd749992e898a459fda9) Importer(815301076,1909f56bfc062723c751e8b465ee728b)
Start importing Assets/SimmoneC_HDRP/Third Party Assets/ModularCityAlleyPack/Prefabs/Prefabs_Props/Lamp_Cone_Spot.prefab using Guid(f9da9d481836bd749992e898a459fda9) Importer(815301076,1909f56bfc062723c751e8b465ee728b)  -> (artifact id: '0a1f51e406f29c588e6ad362687ffa6d') in 0.067414 seconds 
  Import took 0.081601 seconds .

========================================================================
Received Import Request.
  Time since last request: 1.955722 seconds.
  path: Assets/SimmoneC_HDRP/Third Party Assets/ModularCityAlleyPack/Prefabs/Prefabs_Props/Lamp_Cone_Spot.prefab
  artifactKey: Guid(f9da9d481836bd749992e898a459fda9) Importer(815301076,1909f56bfc062723c751e8b465ee728b)
Start importing Assets/SimmoneC_HDRP/Third Party Assets/ModularCityAlleyPack/Prefabs/Prefabs_Props/Lamp_Cone_Spot.prefab using Guid(f9da9d481836bd749992e898a459fda9) Importer(815301076,1909f56bfc062723c751e8b465ee728b)  -> (artifact id: '23db7fdcd45675873cf11dd978676860') in 0.071439 seconds 
  Import took 0.086814 seconds .

========================================================================
Received Import Request.
  Time since last request: 3.377450 seconds.
  path: Assets/SimmoneC_HDRP/Third Party Assets/ModularCityAlleyPack/Prefabs/Prefabs_Props/Lamp_Cone_Spot.prefab
  artifactKey: Guid(f9da9d481836bd749992e898a459fda9) Importer(815301076,1909f56bfc062723c751e8b465ee728b)
Start importing Assets/SimmoneC_HDRP/Third Party Assets/ModularCityAlleyPack/Prefabs/Prefabs_Props/Lamp_Cone_Spot.prefab using Guid(f9da9d481836bd749992e898a459fda9) Importer(815301076,1909f56bfc062723c751e8b465ee728b)  -> (artifact id: 'bdd571b44c34f019742539fe6597758e') in 0.069244 seconds 
  Import took 0.082231 seconds .

========================================================================
Received Import Request.
  Time since last request: 2.978408 seconds.
  path: Assets/SimmoneC_HDRP/Third Party Assets/ModularCityAlleyPack/Prefabs/Prefabs_Props/Lamp_Cone_Spot.prefab
  artifactKey: Guid(f9da9d481836bd749992e898a459fda9) Importer(815301076,1909f56bfc062723c751e8b465ee728b)
Start importing Assets/SimmoneC_HDRP/Third Party Assets/ModularCityAlleyPack/Prefabs/Prefabs_Props/Lamp_Cone_Spot.prefab using Guid(f9da9d481836bd749992e898a459fda9) Importer(815301076,1909f56bfc062723c751e8b465ee728b)  -> (artifact id: '0e748ebdb3a6b06944501d24444027b2') in 0.068095 seconds 
  Import took 0.081934 seconds .

========================================================================
Received Import Request.
  Time since last request: 3.149955 seconds.
  path: Assets/SimmoneC_HDRP/Third Party Assets/ModularCityAlleyPack/Prefabs/Prefabs_Props/Lamp_Cone_Spot.prefab
  artifactKey: Guid(f9da9d481836bd749992e898a459fda9) Importer(815301076,1909f56bfc062723c751e8b465ee728b)
Start importing Assets/SimmoneC_HDRP/Third Party Assets/ModularCityAlleyPack/Prefabs/Prefabs_Props/Lamp_Cone_Spot.prefab using Guid(f9da9d481836bd749992e898a459fda9) Importer(815301076,1909f56bfc062723c751e8b465ee728b)  -> (artifact id: '698a7c2292f9bb13337d77d44a662f9b') in 0.087295 seconds 
  Import took 0.104286 seconds .

========================================================================
Received Import Request.
  Time since last request: 1.745430 seconds.
  path: Assets/SimmoneC_HDRP/Third Party Assets/ModularCityAlleyPack/Prefabs/Prefabs_Props/Lamp_Cone_Spot.prefab
  artifactKey: Guid(f9da9d481836bd749992e898a459fda9) Importer(815301076,1909f56bfc062723c751e8b465ee728b)
Start importing Assets/SimmoneC_HDRP/Third Party Assets/ModularCityAlleyPack/Prefabs/Prefabs_Props/Lamp_Cone_Spot.prefab using Guid(f9da9d481836bd749992e898a459fda9) Importer(815301076,1909f56bfc062723c751e8b465ee728b)  -> (artifact id: '94e8fa4cf71003e7174daf86a8db5288') in 0.078531 seconds 
  Import took 0.100360 seconds .

========================================================================
Received Import Request.
  Time since last request: 0.731910 seconds.
  path: Assets/SimmoneC_HDRP/Third Party Assets/ModularCityAlleyPack/Prefabs/Prefabs_Props/Lamp_Cone_Spot.prefab
  artifactKey: Guid(f9da9d481836bd749992e898a459fda9) Importer(815301076,1909f56bfc062723c751e8b465ee728b)
Start importing Assets/SimmoneC_HDRP/Third Party Assets/ModularCityAlleyPack/Prefabs/Prefabs_Props/Lamp_Cone_Spot.prefab using Guid(f9da9d481836bd749992e898a459fda9) Importer(815301076,1909f56bfc062723c751e8b465ee728b)  -> (artifact id: 'cca8e62d292fef35b6b6a99d0cb685d4') in 0.071623 seconds 
  Import took 0.090878 seconds .

========================================================================
Received Import Request.
  Time since last request: 3.005060 seconds.
  path: Assets/SimmoneC_HDRP/Third Party Assets/ModularCityAlleyPack/Prefabs/Prefabs_Props/Lamp_Cone_Spot.prefab
  artifactKey: Guid(f9da9d481836bd749992e898a459fda9) Importer(815301076,1909f56bfc062723c751e8b465ee728b)
Start importing Assets/SimmoneC_HDRP/Third Party Assets/ModularCityAlleyPack/Prefabs/Prefabs_Props/Lamp_Cone_Spot.prefab using Guid(f9da9d481836bd749992e898a459fda9) Importer(815301076,1909f56bfc062723c751e8b465ee728b)  -> (artifact id: '7f109a21ffcff056aa52a46f5b21411c') in 0.116923 seconds 
  Import took 0.139694 seconds .

========================================================================
Received Import Request.
  Time since last request: 1.082289 seconds.
  path: Assets/SimmoneC_HDRP/Third Party Assets/ModularCityAlleyPack/Prefabs/Prefabs_Props/Lamp_Cone_Spot.prefab
  artifactKey: Guid(f9da9d481836bd749992e898a459fda9) Importer(815301076,1909f56bfc062723c751e8b465ee728b)
Start importing Assets/SimmoneC_HDRP/Third Party Assets/ModularCityAlleyPack/Prefabs/Prefabs_Props/Lamp_Cone_Spot.prefab using Guid(f9da9d481836bd749992e898a459fda9) Importer(815301076,1909f56bfc062723c751e8b465ee728b)  -> (artifact id: '70b4f25dd21152f3b0af39dda0319c75') in 0.069075 seconds 
  Import took 0.087973 seconds .

========================================================================
Received Import Request.
  Time since last request: 0.989449 seconds.
  path: Assets/SimmoneC_HDRP/Third Party Assets/ModularCityAlleyPack/Prefabs/Prefabs_Props/Lamp_Cone_Spot.prefab
  artifactKey: Guid(f9da9d481836bd749992e898a459fda9) Importer(815301076,1909f56bfc062723c751e8b465ee728b)
Start importing Assets/SimmoneC_HDRP/Third Party Assets/ModularCityAlleyPack/Prefabs/Prefabs_Props/Lamp_Cone_Spot.prefab using Guid(f9da9d481836bd749992e898a459fda9) Importer(815301076,1909f56bfc062723c751e8b465ee728b)  -> (artifact id: 'c9928bc573d3bbcffc7737946cf52d48') in 0.068795 seconds 
  Import took 0.085763 seconds .

========================================================================
Received Import Request.
  Time since last request: 20.668283 seconds.
  path: Assets/SimmoneC_HDRP/Third Party Assets/ModularCityAlleyPack/Prefabs/Prefabs_Props/Lamp_Cone_Spot.prefab
  artifactKey: Guid(f9da9d481836bd749992e898a459fda9) Importer(815301076,1909f56bfc062723c751e8b465ee728b)
Start importing Assets/SimmoneC_HDRP/Third Party Assets/ModularCityAlleyPack/Prefabs/Prefabs_Props/Lamp_Cone_Spot.prefab using Guid(f9da9d481836bd749992e898a459fda9) Importer(815301076,1909f56bfc062723c751e8b465ee728b)  -> (artifact id: '377066ae6d7bb9188748f3c810f382aa') in 0.077295 seconds 
  Import took 0.098265 seconds .

========================================================================
Received Import Request.
  Time since last request: 1.924420 seconds.
  path: Assets/SimmoneC_HDRP/Third Party Assets/ModularCityAlleyPack/Prefabs/Prefabs_Props/Lamp_Cone_Spot.prefab
  artifactKey: Guid(f9da9d481836bd749992e898a459fda9) Importer(815301076,1909f56bfc062723c751e8b465ee728b)
Start importing Assets/SimmoneC_HDRP/Third Party Assets/ModularCityAlleyPack/Prefabs/Prefabs_Props/Lamp_Cone_Spot.prefab using Guid(f9da9d481836bd749992e898a459fda9) Importer(815301076,1909f56bfc062723c751e8b465ee728b)  -> (artifact id: '3dec6fc14f11625a5c19f33b4fc93e8f') in 0.069219 seconds 
  Import took 0.084711 seconds .

========================================================================
Received Import Request.
  Time since last request: 2.360464 seconds.
  path: Assets/SimmoneC_HDRP/Third Party Assets/ModularCityAlleyPack/Prefabs/Prefabs_Props/Lamp_Cone_Spot.prefab
  artifactKey: Guid(f9da9d481836bd749992e898a459fda9) Importer(815301076,1909f56bfc062723c751e8b465ee728b)
Start importing Assets/SimmoneC_HDRP/Third Party Assets/ModularCityAlleyPack/Prefabs/Prefabs_Props/Lamp_Cone_Spot.prefab using Guid(f9da9d481836bd749992e898a459fda9) Importer(815301076,1909f56bfc062723c751e8b465ee728b)  -> (artifact id: '7c6ed3bdb35c076f57d781e2001380e6') in 0.068411 seconds 
  Import took 0.084081 seconds .

========================================================================
Received Import Request.
  Time since last request: 9.136762 seconds.
  path: Assets/SimmoneC_HDRP/Third Party Assets/ModularCityAlleyPack/Prefabs/Prefabs_Props/Lamp_Cone_Spot.prefab
  artifactKey: Guid(f9da9d481836bd749992e898a459fda9) Importer(815301076,1909f56bfc062723c751e8b465ee728b)
Start importing Assets/SimmoneC_HDRP/Third Party Assets/ModularCityAlleyPack/Prefabs/Prefabs_Props/Lamp_Cone_Spot.prefab using Guid(f9da9d481836bd749992e898a459fda9) Importer(815301076,1909f56bfc062723c751e8b465ee728b)  -> (artifact id: '0a436598f6484ba01991629989f1e3bf') in 0.067623 seconds 
  Import took 0.082406 seconds .

========================================================================
Received Import Request.
  Time since last request: 2.969501 seconds.
  path: Assets/SimmoneC_HDRP/Third Party Assets/ModularCityAlleyPack/Prefabs/Prefabs_Props/Lamp_Cone_Spot.prefab
  artifactKey: Guid(f9da9d481836bd749992e898a459fda9) Importer(815301076,1909f56bfc062723c751e8b465ee728b)
Start importing Assets/SimmoneC_HDRP/Third Party Assets/ModularCityAlleyPack/Prefabs/Prefabs_Props/Lamp_Cone_Spot.prefab using Guid(f9da9d481836bd749992e898a459fda9) Importer(815301076,1909f56bfc062723c751e8b465ee728b)  -> (artifact id: '9e82ae787ef678ca1d08d32143db1916') in 0.071476 seconds 
  Import took 0.084518 seconds .

========================================================================
Received Import Request.
  Time since last request: 14.811889 seconds.
  path: Assets/SimmoneC_HDRP/Third Party Assets/ModularCityAlleyPack/Prefabs/Prefabs_Props/Lamp_Cone_Spot.prefab
  artifactKey: Guid(f9da9d481836bd749992e898a459fda9) Importer(815301076,1909f56bfc062723c751e8b465ee728b)
Start importing Assets/SimmoneC_HDRP/Third Party Assets/ModularCityAlleyPack/Prefabs/Prefabs_Props/Lamp_Cone_Spot.prefab using Guid(f9da9d481836bd749992e898a459fda9) Importer(815301076,1909f56bfc062723c751e8b465ee728b)  -> (artifact id: '14c4a6cee4558c59c92d1ac2f1d4a384') in 0.075302 seconds 
  Import took 0.090949 seconds .

========================================================================
Received Import Request.
  Time since last request: 3.190496 seconds.
  path: Assets/SimmoneC_HDRP/Third Party Assets/ModularCityAlleyPack/Prefabs/Prefabs_Props/Lamp_Cone_Spot.prefab
  artifactKey: Guid(f9da9d481836bd749992e898a459fda9) Importer(815301076,1909f56bfc062723c751e8b465ee728b)
Start importing Assets/SimmoneC_HDRP/Third Party Assets/ModularCityAlleyPack/Prefabs/Prefabs_Props/Lamp_Cone_Spot.prefab using Guid(f9da9d481836bd749992e898a459fda9) Importer(815301076,1909f56bfc062723c751e8b465ee728b)  -> (artifact id: 'b375b93fd2be29f77a0405e8a5c1be48') in 0.062497 seconds 
  Import took 0.076655 seconds .

========================================================================
Received Import Request.
  Time since last request: 5.679993 seconds.
  path: Assets/SimmoneC_HDRP/Third Party Assets/ModularCityAlleyPack/Prefabs/Prefabs_Props/Lamp_Cone_Spot.prefab
  artifactKey: Guid(f9da9d481836bd749992e898a459fda9) Importer(815301076,1909f56bfc062723c751e8b465ee728b)
Start importing Assets/SimmoneC_HDRP/Third Party Assets/ModularCityAlleyPack/Prefabs/Prefabs_Props/Lamp_Cone_Spot.prefab using Guid(f9da9d481836bd749992e898a459fda9) Importer(815301076,1909f56bfc062723c751e8b465ee728b)  -> (artifact id: 'f3c06d58f1d8770b37d78f481a6f27c1') in 0.069300 seconds 
  Import took 0.083809 seconds .

========================================================================
Received Import Request.
  Time since last request: 0.748423 seconds.
  path: Assets/SimmoneC_HDRP/Third Party Assets/ModularCityAlleyPack/Prefabs/Prefabs_Props/Lamp_Cone_Spot.prefab
  artifactKey: Guid(f9da9d481836bd749992e898a459fda9) Importer(815301076,1909f56bfc062723c751e8b465ee728b)
Start importing Assets/SimmoneC_HDRP/Third Party Assets/ModularCityAlleyPack/Prefabs/Prefabs_Props/Lamp_Cone_Spot.prefab using Guid(f9da9d481836bd749992e898a459fda9) Importer(815301076,1909f56bfc062723c751e8b465ee728b)  -> (artifact id: '4d7cc3d347085f8cea719a9f69a0c9d9') in 0.068715 seconds 
  Import took 0.084752 seconds .

========================================================================
Received Import Request.
  Time since last request: 0.948279 seconds.
  path: Assets/SimmoneC_HDRP/Third Party Assets/ModularCityAlleyPack/Prefabs/Prefabs_Props/Lamp_Cone_Spot.prefab
  artifactKey: Guid(f9da9d481836bd749992e898a459fda9) Importer(815301076,1909f56bfc062723c751e8b465ee728b)
Start importing Assets/SimmoneC_HDRP/Third Party Assets/ModularCityAlleyPack/Prefabs/Prefabs_Props/Lamp_Cone_Spot.prefab using Guid(f9da9d481836bd749992e898a459fda9) Importer(815301076,1909f56bfc062723c751e8b465ee728b)  -> (artifact id: '643a8a46e82b4ec0fa2e29a98954b1da') in 0.068767 seconds 
  Import took 0.084384 seconds .

========================================================================
Received Import Request.
  Time since last request: 7.884464 seconds.
  path: Assets/SimmoneC_HDRP/Third Party Assets/ModularCityAlleyPack/Prefabs/Prefabs_Props/Lamp_Cone_Spot.prefab
  artifactKey: Guid(f9da9d481836bd749992e898a459fda9) Importer(815301076,1909f56bfc062723c751e8b465ee728b)
Start importing Assets/SimmoneC_HDRP/Third Party Assets/ModularCityAlleyPack/Prefabs/Prefabs_Props/Lamp_Cone_Spot.prefab using Guid(f9da9d481836bd749992e898a459fda9) Importer(815301076,1909f56bfc062723c751e8b465ee728b)  -> (artifact id: '7f31c34f49ef4133a1b4929062c0266b') in 0.071724 seconds 
  Import took 0.086025 seconds .

========================================================================
Received Import Request.
  Time since last request: 0.483288 seconds.
  path: Assets/SimmoneC_HDRP/Third Party Assets/ModularCityAlleyPack/Prefabs/Prefabs_Props/Lamp_Cone_Spot.prefab
  artifactKey: Guid(f9da9d481836bd749992e898a459fda9) Importer(815301076,1909f56bfc062723c751e8b465ee728b)
Start importing Assets/SimmoneC_HDRP/Third Party Assets/ModularCityAlleyPack/Prefabs/Prefabs_Props/Lamp_Cone_Spot.prefab using Guid(f9da9d481836bd749992e898a459fda9) Importer(815301076,1909f56bfc062723c751e8b465ee728b)  -> (artifact id: '40f39599b8523c66b4405bd7c404808e') in 0.074887 seconds 
  Import took 0.089414 seconds .

========================================================================
Received Import Request.
  Time since last request: 0.960134 seconds.
  path: Assets/SimmoneC_HDRP/Third Party Assets/ModularCityAlleyPack/Prefabs/Prefabs_Props/Lamp_Cone_Spot.prefab
  artifactKey: Guid(f9da9d481836bd749992e898a459fda9) Importer(815301076,1909f56bfc062723c751e8b465ee728b)
Start importing Assets/SimmoneC_HDRP/Third Party Assets/ModularCityAlleyPack/Prefabs/Prefabs_Props/Lamp_Cone_Spot.prefab using Guid(f9da9d481836bd749992e898a459fda9) Importer(815301076,1909f56bfc062723c751e8b465ee728b)  -> (artifact id: '6f138955075b054afabfbfa82ceb5a66') in 0.074430 seconds 
  Import took 0.088398 seconds .

========================================================================
Received Import Request.
  Time since last request: 1.146641 seconds.
  path: Assets/SimmoneC_HDRP/Third Party Assets/ModularCityAlleyPack/Prefabs/Prefabs_Props/Lamp_Cone_Spot.prefab
  artifactKey: Guid(f9da9d481836bd749992e898a459fda9) Importer(815301076,1909f56bfc062723c751e8b465ee728b)
Start importing Assets/SimmoneC_HDRP/Third Party Assets/ModularCityAlleyPack/Prefabs/Prefabs_Props/Lamp_Cone_Spot.prefab using Guid(f9da9d481836bd749992e898a459fda9) Importer(815301076,1909f56bfc062723c751e8b465ee728b)  -> (artifact id: '24ce66983c61e42447171310a6dfcac1') in 0.068688 seconds 
  Import took 0.083546 seconds .

========================================================================
Received Import Request.
  Time since last request: 202.498423 seconds.
  path: Assets/SimmoneC_HDRP/My Assets/Textures/Bugs3_Cookie.png
  artifactKey: Guid(e1acf955a242301428941e58cd1cebf7) Importer(815301076,1909f56bfc062723c751e8b465ee728b)
Start importing Assets/SimmoneC_HDRP/My Assets/Textures/Bugs3_Cookie.png using Guid(e1acf955a242301428941e58cd1cebf7) Importer(815301076,1909f56bfc062723c751e8b465ee728b)  -> (artifact id: 'f7d2954a79a336542dc2ce21364ee4de') in 0.024991 seconds 
  Import took 0.037916 seconds .

========================================================================
Received Import Request.
  Time since last request: 48.548531 seconds.
  path: Assets/SimmoneC_HDRP/My Assets/Textures/Bugs1_Cookie.png
  artifactKey: Guid(86332de34e9ce404a8fb5f28bd458e3e) Importer(815301076,1909f56bfc062723c751e8b465ee728b)
Start importing Assets/SimmoneC_HDRP/My Assets/Textures/Bugs1_Cookie.png using Guid(86332de34e9ce404a8fb5f28bd458e3e) Importer(815301076,1909f56bfc062723c751e8b465ee728b)  -> (artifact id: 'c2217f619d59ab3180f6b6cd1628ca09') in 0.014515 seconds 
  Import took 0.024193 seconds .

========================================================================
Received Import Request.
  Time since last request: 27.051507 seconds.
  path: Assets/SimmoneC_HDRP/My Assets/Textures/Bugs1_Cookie.png
  artifactKey: Guid(86332de34e9ce404a8fb5f28bd458e3e) Importer(815301076,1909f56bfc062723c751e8b465ee728b)
Start importing Assets/SimmoneC_HDRP/My Assets/Textures/Bugs1_Cookie.png using Guid(86332de34e9ce404a8fb5f28bd458e3e) Importer(815301076,1909f56bfc062723c751e8b465ee728b)  -> (artifact id: '71f0f44a37e619084dc08ae8e180915f') in 0.009904 seconds 
  Import took 0.017574 seconds .

========================================================================
Received Import Request.
  Time since last request: 38.981628 seconds.
  path: Assets/SimmoneC_HDRP/My Assets/Textures/bugs_cookie.png
  artifactKey: Guid(d4bfccb233583da448be1773f23bfc69) Importer(815301076,1909f56bfc062723c751e8b465ee728b)
Start importing Assets/SimmoneC_HDRP/My Assets/Textures/bugs_cookie.png using Guid(d4bfccb233583da448be1773f23bfc69) Importer(815301076,1909f56bfc062723c751e8b465ee728b)  -> (artifact id: 'c8dc0fb1e81a27d3440a9e7a3931572d') in 0.012164 seconds 
  Import took 0.022988 seconds .

========================================================================
Received Import Request.
  Time since last request: 72.226228 seconds.
  path: Assets/SimmoneC_HDRP/My Assets/Textures/bug_cookie.png
  artifactKey: Guid(e2f45551d858ee14991ea29c73f8f3fb) Importer(815301076,1909f56bfc062723c751e8b465ee728b)
Start importing Assets/SimmoneC_HDRP/My Assets/Textures/bug_cookie.png using Guid(e2f45551d858ee14991ea29c73f8f3fb) Importer(815301076,1909f56bfc062723c751e8b465ee728b)  -> (artifact id: 'da42d8aa56ad9e62ff074b012a4365f4') in 0.016931 seconds 
  Import took 0.026787 seconds .

========================================================================
Received Import Request.
  Time since last request: 49.413131 seconds.
  path: Assets/SimmoneC_HDRP/My Assets/Textures/bug_cookie2.png
  artifactKey: Guid(6fdbb65d6306dc54ba07e7a009eb9b87) Importer(815301076,1909f56bfc062723c751e8b465ee728b)
Start importing Assets/SimmoneC_HDRP/My Assets/Textures/bug_cookie2.png using Guid(6fdbb65d6306dc54ba07e7a009eb9b87) Importer(815301076,1909f56bfc062723c751e8b465ee728b)  -> (artifact id: 'f6316a2d1ecc46c0fbe0e432b15453dc') in 0.020375 seconds 
  Import took 0.030246 seconds .

